[2016-05-03 13:26:03,073](INFO)k_1905 : {"code": "", "from": "expires", "level": "debug", "format": "fluent", "descript": "破解结果不包含给定的format", "site": "1905", "datetime": "2016-05-03 13:26:03"}
[2016-05-03 13:26:20,276](INFO)k_1905 : {"code": "", "from": "expires", "level": "debug", "format": "original", "descript": "破解结果不包含给定的format", "site": "1905", "datetime": "2016-05-03 13:26:20"}
[2016-05-03 15:26:04,303](INFO)k_1905 : {"code": "", "from": "expires", "level": "debug", "format": "fluent", "descript": "破解结果不包含给定的format", "site": "1905", "datetime": "2016-05-03 15:26:04"}
[2016-05-03 15:26:14,375](INFO)k_1905 : {"code": "", "from": "expires", "level": "debug", "format": "original", "descript": "破解结果不包含给定的format", "site": "1905", "datetime": "2016-05-03 15:26:14"}
[2016-05-03 16:56:36,858](INFO)k_1905 : {"code": "", "from": "expires", "level": "debug", "format": "fluent", "descript": "破解结果不包含给定的format", "site": "1905", "datetime": "2016-05-03 16:56:36"}
[2016-05-03 16:56:48,538](INFO)k_1905 : {"code": "", "from": "expires", "level": "debug", "format": "original", "descript": "破解结果不包含给定的format", "site": "1905", "datetime": "2016-05-03 16:56:48"}
[2016-05-03 19:50:48,728](INFO)k_1905 : {"code": "", "from": "expires", "level": "debug", "format": "fluent", "descript": "破解结果不包含给定的format", "site": "1905", "datetime": "2016-05-03 19:50:48"}
[2016-05-03 19:50:49,410](INFO)k_1905 : {"code": "413", "from": "expires", "level": "debug", "format": "normal", "descript": "", "site": "1905", "datetime": "2016-05-03 19:50:49"}
[2016-05-03 19:50:54,500](INFO)k_1905 : {"code": "413", "from": "expires", "level": "debug", "format": "normal", "descript": "", "site": "1905", "datetime": "2016-05-03 19:50:54"}
[2016-05-03 19:51:02,541](INFO)k_1905 : {"code": "413", "from": "expires", "level": "debug", "format": "normal", "descript": "", "site": "1905", "datetime": "2016-05-03 19:51:02"}
[2016-05-03 19:51:02,541](INFO)k_1905 : {"code": "", "from": "expires", "level": "debug", "format": "normal", "descript": "连接3次无法从破解地址获取数据", "site": "1905", "datetime": "2016-05-03 19:51:02"}
[2016-05-03 19:51:02,542](INFO)k_1905 : {"code": "", "from": "expires", "level": "debug", "format": "normal", "descript": "程序检测出有效时间出现波动，其值为22799(s)", "site": "1905", "datetime": "2016-05-03 19:51:02"}
[2016-05-03 19:51:03,811](INFO)k_1905 : {"code": "413", "from": "expires", "level": "debug", "format": "high", "descript": "", "site": "1905", "datetime": "2016-05-03 19:51:03"}
[2016-05-03 19:51:09,106](INFO)k_1905 : {"code": "413", "from": "expires", "level": "debug", "format": "high", "descript": "", "site": "1905", "datetime": "2016-05-03 19:51:09"}
[2016-05-03 19:51:17,381](INFO)k_1905 : {"code": "413", "from": "expires", "level": "debug", "format": "high", "descript": "", "site": "1905", "datetime": "2016-05-03 19:51:17"}
[2016-05-03 19:51:17,382](INFO)k_1905 : {"code": "", "from": "expires", "level": "debug", "format": "high", "descript": "连接3次无法从破解地址获取数据", "site": "1905", "datetime": "2016-05-03 19:51:17"}
[2016-05-03 19:51:17,382](INFO)k_1905 : {"code": "", "from": "expires", "level": "debug", "format": "high", "descript": "程序检测出有效时间出现波动，其值为22806(s)", "site": "1905", "datetime": "2016-05-03 19:51:17"}
[2016-05-03 19:51:18,169](INFO)k_1905 : {"code": "413", "from": "expires", "level": "debug", "format": "super", "descript": "", "site": "1905", "datetime": "2016-05-03 19:51:18"}
[2016-05-03 19:51:23,825](INFO)k_1905 : {"code": "413", "from": "expires", "level": "debug", "format": "super", "descript": "", "site": "1905", "datetime": "2016-05-03 19:51:23"}
[2016-05-03 19:51:32,807](INFO)k_1905 : {"code": "413", "from": "expires", "level": "debug", "format": "super", "descript": "", "site": "1905", "datetime": "2016-05-03 19:51:32"}
[2016-05-03 19:51:32,807](INFO)k_1905 : {"code": "", "from": "expires", "level": "error", "format": "super", "descript": "连接3次无法从破解地址获取数据", "site": "1905", "datetime": "2016-05-03 19:51:32"}
[2016-05-03 19:51:41,617](INFO)k_1905 : {"code": "", "from": "expires", "level": "debug", "format": "super", "descript": "程序检测出有效时间出现波动，其值为22826(s)", "site": "1905", "datetime": "2016-05-03 19:51:41"}
[2016-05-03 19:51:41,983](INFO)k_1905 : {"code": "", "from": "expires", "level": "debug", "format": "original", "descript": "破解结果不包含给定的format", "site": "1905", "datetime": "2016-05-03 19:51:41"}
[2016-05-03 20:57:49,699](INFO)k_1905 : {"code": "", "from": "expires", "level": "debug", "format": "fluent", "descript": "破解结果不包含给定的format", "site": "1905", "datetime": "2016-05-03 20:57:49"}
[2016-05-03 20:58:07,993](INFO)k_1905 : {"code": "", "from": "expires", "level": "debug", "format": "original", "descript": "破解结果不包含给定的format", "site": "1905", "datetime": "2016-05-03 20:58:07"}
[2016-05-03 22:20:41,217](INFO)k_1905 : {"code": "", "from": "expires", "level": "debug", "format": "fluent", "descript": "破解结果不包含给定的format", "site": "1905", "datetime": "2016-05-03 22:20:41"}
[2016-05-03 22:20:51,117](INFO)k_1905 : {"code": "", "from": "expires", "level": "debug", "format": "original", "descript": "破解结果不包含给定的format", "site": "1905", "datetime": "2016-05-03 22:20:51"}
[2016-05-04 01:09:21,988](INFO)k_1905 : {"code": "", "from": "expires", "level": "debug", "format": "fluent", "descript": "破解结果不包含给定的format", "site": "1905", "datetime": "2016-05-04 01:09:21"}
[2016-05-04 01:09:29,376](INFO)k_1905 : {"code": "", "from": "expires", "level": "debug", "format": "original", "descript": "破解结果不包含给定的format", "site": "1905", "datetime": "2016-05-04 01:09:29"}
[2016-05-04 03:34:35,337](INFO)k_1905 : {"code": "", "from": "expires", "level": "debug", "format": "fluent", "descript": "破解结果不包含给定的format", "site": "1905", "datetime": "2016-05-04 03:34:35"}
[2016-05-04 03:34:35,957](INFO)k_1905 : {"code": "413", "from": "expires", "level": "debug", "format": "normal", "descript": "", "site": "1905", "datetime": "2016-05-04 03:34:35"}
[2016-05-04 03:34:41,036](INFO)k_1905 : {"code": "413", "from": "expires", "level": "debug", "format": "normal", "descript": "", "site": "1905", "datetime": "2016-05-04 03:34:41"}
[2016-05-04 03:34:49,084](INFO)k_1905 : {"code": "413", "from": "expires", "level": "debug", "format": "normal", "descript": "", "site": "1905", "datetime": "2016-05-04 03:34:49"}
[2016-05-04 03:34:49,084](INFO)k_1905 : {"code": "", "from": "expires", "level": "debug", "format": "normal", "descript": "连接3次无法从破解地址获取数据", "site": "1905", "datetime": "2016-05-04 03:34:49"}
[2016-05-04 03:34:55,471](INFO)k_1905 : {"code": "", "from": "expires", "level": "debug", "format": "original", "descript": "破解结果不包含给定的format", "site": "1905", "datetime": "2016-05-04 03:34:55"}
[2016-05-04 05:26:00,110](INFO)k_1905 : {"code": "", "from": "expires", "level": "debug", "format": "fluent", "descript": "破解结果不包含给定的format", "site": "1905", "datetime": "2016-05-04 05:26:00"}
[2016-05-04 05:26:07,116](INFO)k_1905 : {"code": "", "from": "expires", "level": "debug", "format": "original", "descript": "破解结果不包含给定的format", "site": "1905", "datetime": "2016-05-04 05:26:07"}
[2016-05-04 07:30:41,458](INFO)k_1905 : {"code": "", "from": "expires", "level": "debug", "format": "fluent", "descript": "破解结果不包含给定的format", "site": "1905", "datetime": "2016-05-04 07:30:41"}
[2016-05-04 07:30:51,071](INFO)k_1905 : {"code": "", "from": "expires", "level": "debug", "format": "original", "descript": "破解结果不包含给定的format", "site": "1905", "datetime": "2016-05-04 07:30:51"}
