[2016-05-03 11:11:24,683](INFO)cracker : {"code": "2", "from": "cracker", "level": "error", "descript": "破解失败(连续第1次):错误代码,查阅文档", "site": "youku", "datetime": "2016-05-03 11:11:24"}
[2016-05-03 11:11:27,946](INFO)cracker : {"code": "0", "from": "cracker", "level": "error", "descript": "破解失败(连续第1次):错误代码,查阅文档", "site": "iqiyi", "datetime": "2016-05-03 11:11:27"}
[2016-05-03 11:11:28,948](INFO)cracker : {"datetime": "2016-05-03 11:11:28", "descript": "CrackerMonitor:第1次检测完毕", "code": "", "from": "cracker", "level": "debug"}
[2016-05-03 11:41:54,957](INFO)cracker : {"code": "2", "from": "cracker", "level": "error", "descript": "破解失败(连续第2次):错误代码,查阅文档", "site": "youku", "datetime": "2016-05-03 11:41:54"}
[2016-05-03 11:42:12,119](INFO)cracker : {"code": "0", "from": "cracker", "level": "error", "descript": "破解失败(连续第2次):错误代码,查阅文档", "site": "iqiyi", "datetime": "2016-05-03 11:42:12"}
[2016-05-03 11:42:17,360](INFO)cracker : {"datetime": "2016-05-03 11:42:17", "descript": "CrackerMonitor:第2次检测完毕", "code": "", "from": "cracker", "level": "debug"}
[2016-05-03 12:12:28,672](INFO)cracker : {"code": "2", "from": "cracker", "level": "error", "descript": "破解失败(连续第3次):错误代码,查阅文档", "site": "youku", "datetime": "2016-05-03 12:12:28"}
[2016-05-03 12:12:37,166](INFO)cracker : {"code": "0", "from": "cracker", "level": "error", "descript": "破解失败(连续第3次):错误代码,查阅文档", "site": "iqiyi", "datetime": "2016-05-03 12:12:37"}
[2016-05-03 12:12:45,093](INFO)cracker : {"datetime": "2016-05-03 12:12:45", "descript": "CrackerMonitor:第3次检测完毕", "code": "", "from": "cracker", "level": "debug"}
[2016-05-03 12:43:13,065](INFO)cracker : {"code": "2", "from": "cracker", "level": "debug", "descript": "破解失败(连续第4次):错误代码,查阅文档", "site": "youku", "datetime": "2016-05-03 12:43:13"}
[2016-05-03 12:43:14,852](INFO)cracker : {"code": "0", "from": "cracker", "level": "debug", "descript": "破解失败(连续第4次):错误代码,查阅文档", "site": "iqiyi", "datetime": "2016-05-03 12:43:14"}
[2016-05-03 12:43:15,032](INFO)cracker : {"datetime": "2016-05-03 12:43:15", "descript": "CrackerMonitor:第4次检测完毕", "code": "", "from": "cracker", "level": "debug"}
[2016-05-03 13:13:29,558](INFO)cracker : {"code": "2", "from": "cracker", "level": "debug", "descript": "破解失败(连续第5次):错误代码,查阅文档", "site": "youku", "datetime": "2016-05-03 13:13:29"}
[2016-05-03 13:13:35,904](INFO)cracker : {"code": "0", "from": "cracker", "level": "debug", "descript": "破解失败(连续第5次):错误代码,查阅文档", "site": "iqiyi", "datetime": "2016-05-03 13:13:35"}
[2016-05-03 13:13:36,575](INFO)cracker : {"datetime": "2016-05-03 13:13:36", "descript": "CrackerMonitor:第5次检测完毕", "code": "", "from": "cracker", "level": "debug"}
[2016-05-03 13:43:59,338](INFO)cracker : {"code": "2", "from": "cracker", "level": "debug", "descript": "破解失败(连续第6次):错误代码,查阅文档", "site": "youku", "datetime": "2016-05-03 13:43:59"}
[2016-05-03 13:44:01,155](INFO)cracker : {"code": "0", "from": "cracker", "level": "debug", "descript": "破解失败(连续第6次):错误代码,查阅文档", "site": "iqiyi", "datetime": "2016-05-03 13:44:01"}
[2016-05-03 13:44:08,972](INFO)cracker : {"datetime": "2016-05-03 13:44:08", "descript": "CrackerMonitor:第6次检测完毕", "code": "", "from": "cracker", "level": "debug"}
[2016-05-03 14:14:28,757](INFO)cracker : {"code": "2", "from": "cracker", "level": "debug", "descript": "破解失败(连续第7次):错误代码,查阅文档", "site": "youku", "datetime": "2016-05-03 14:14:28"}
[2016-05-03 14:14:31,644](INFO)cracker : {"code": "0", "from": "cracker", "level": "debug", "descript": "破解失败(连续第7次):错误代码,查阅文档", "site": "iqiyi", "datetime": "2016-05-03 14:14:31"}
[2016-05-03 14:14:31,840](INFO)cracker : {"datetime": "2016-05-03 14:14:31", "descript": "CrackerMonitor:第7次检测完毕", "code": "", "from": "cracker", "level": "debug"}
[2016-05-03 14:44:55,347](INFO)cracker : {"code": "2", "from": "cracker", "level": "debug", "descript": "破解失败(连续第8次):错误代码,查阅文档", "site": "youku", "datetime": "2016-05-03 14:44:55"}
[2016-05-03 14:44:57,177](INFO)cracker : {"code": "0", "from": "cracker", "level": "debug", "descript": "破解失败(连续第8次):错误代码,查阅文档", "site": "iqiyi", "datetime": "2016-05-03 14:44:57"}
[2016-05-03 14:44:57,824](INFO)cracker : {"datetime": "2016-05-03 14:44:57", "descript": "CrackerMonitor:第8次检测完毕", "code": "", "from": "cracker", "level": "debug"}
[2016-05-03 15:15:30,932](INFO)cracker : {"code": "2", "from": "cracker", "level": "debug", "descript": "破解失败(连续第9次):错误代码,查阅文档", "site": "youku", "datetime": "2016-05-03 15:15:30"}
[2016-05-03 15:15:39,559](INFO)cracker : {"code": "0", "from": "cracker", "level": "debug", "descript": "破解失败(连续第9次):错误代码,查阅文档", "site": "iqiyi", "datetime": "2016-05-03 15:15:39"}
[2016-05-03 15:15:40,261](INFO)cracker : {"datetime": "2016-05-03 15:15:40", "descript": "CrackerMonitor:第9次检测完毕", "code": "", "from": "cracker", "level": "debug"}
[2016-05-03 15:45:55,449](INFO)cracker : {"code": "2", "from": "cracker", "level": "debug", "descript": "破解失败(连续第10次):错误代码,查阅文档", "site": "youku", "datetime": "2016-05-03 15:45:55"}
[2016-05-03 15:45:57,612](INFO)cracker : {"code": "0", "from": "cracker", "level": "debug", "descript": "破解失败(连续第10次):错误代码,查阅文档", "site": "iqiyi", "datetime": "2016-05-03 15:45:57"}
[2016-05-03 15:45:58,288](INFO)cracker : {"datetime": "2016-05-03 15:45:58", "descript": "CrackerMonitor:第10次检测完毕", "code": "", "from": "cracker", "level": "debug"}
[2016-05-03 16:16:35,439](INFO)cracker : {"code": "2", "from": "cracker", "level": "debug", "descript": "破解失败(连续第11次):错误代码,查阅文档", "site": "youku", "datetime": "2016-05-03 16:16:35"}
[2016-05-03 16:16:37,760](INFO)cracker : {"code": "0", "from": "cracker", "level": "debug", "descript": "破解失败(连续第11次):错误代码,查阅文档", "site": "iqiyi", "datetime": "2016-05-03 16:16:37"}
[2016-05-03 16:16:38,450](INFO)cracker : {"datetime": "2016-05-03 16:16:38", "descript": "CrackerMonitor:第11次检测完毕", "code": "", "from": "cracker", "level": "debug"}
[2016-05-03 16:46:51,098](INFO)cracker : {"code": "2", "from": "cracker", "level": "debug", "descript": "破解失败(连续第12次):错误代码,查阅文档", "site": "youku", "datetime": "2016-05-03 16:46:51"}
[2016-05-03 16:46:53,032](INFO)cracker : {"code": "0", "from": "cracker", "level": "debug", "descript": "破解失败(连续第12次):错误代码,查阅文档", "site": "iqiyi", "datetime": "2016-05-03 16:46:53"}
[2016-05-03 16:46:53,717](INFO)cracker : {"datetime": "2016-05-03 16:46:53", "descript": "CrackerMonitor:第12次检测完毕", "code": "", "from": "cracker", "level": "debug"}
[2016-05-03 17:17:19,177](INFO)cracker : {"code": "2", "from": "cracker", "level": "debug", "descript": "破解失败(连续第13次):错误代码,查阅文档", "site": "youku", "datetime": "2016-05-03 17:17:19"}
[2016-05-03 17:17:21,495](INFO)cracker : {"code": "0", "from": "cracker", "level": "debug", "descript": "破解失败(连续第13次):错误代码,查阅文档", "site": "iqiyi", "datetime": "2016-05-03 17:17:21"}
[2016-05-03 17:17:21,675](INFO)cracker : {"datetime": "2016-05-03 17:17:21", "descript": "CrackerMonitor:第13次检测完毕", "code": "", "from": "cracker", "level": "debug"}
[2016-05-03 17:47:41,794](INFO)cracker : {"code": "2", "from": "cracker", "level": "debug", "descript": "破解失败(连续第14次):错误代码,查阅文档", "site": "youku", "datetime": "2016-05-03 17:47:41"}
[2016-05-03 17:47:43,091](INFO)cracker : {"code": "0", "from": "cracker", "level": "debug", "descript": "破解失败(连续第14次):错误代码,查阅文档", "site": "iqiyi", "datetime": "2016-05-03 17:47:43"}
[2016-05-03 17:47:43,258](INFO)cracker : {"datetime": "2016-05-03 17:47:43", "descript": "CrackerMonitor:第14次检测完毕", "code": "", "from": "cracker", "level": "debug"}
[2016-05-03 18:18:09,222](INFO)cracker : {"code": "2", "from": "cracker", "level": "debug", "descript": "破解失败(连续第15次):错误代码,查阅文档", "site": "youku", "datetime": "2016-05-03 18:18:09"}
[2016-05-03 18:18:11,335](INFO)cracker : {"code": "0", "from": "cracker", "level": "debug", "descript": "破解失败(连续第15次):错误代码,查阅文档", "site": "iqiyi", "datetime": "2016-05-03 18:18:11"}
[2016-05-03 18:18:11,534](INFO)cracker : {"datetime": "2016-05-03 18:18:11", "descript": "CrackerMonitor:第15次检测完毕", "code": "", "from": "cracker", "level": "debug"}
[2016-05-03 18:48:38,031](INFO)cracker : {"code": "2", "from": "cracker", "level": "debug", "descript": "破解失败(连续第16次):错误代码,查阅文档", "site": "youku", "datetime": "2016-05-03 18:48:38"}
[2016-05-03 18:48:39,719](INFO)cracker : {"code": "0", "from": "cracker", "level": "debug", "descript": "破解失败(连续第16次):错误代码,查阅文档", "site": "iqiyi", "datetime": "2016-05-03 18:48:39"}
[2016-05-03 18:48:40,397](INFO)cracker : {"datetime": "2016-05-03 18:48:40", "descript": "CrackerMonitor:第16次检测完毕", "code": "", "from": "cracker", "level": "debug"}
[2016-05-03 19:19:04,452](INFO)cracker : {"code": "2", "from": "cracker", "level": "debug", "descript": "破解失败(连续第17次):错误代码,查阅文档", "site": "youku", "datetime": "2016-05-03 19:19:04"}
[2016-05-03 19:19:05,713](INFO)cracker : {"code": "0", "from": "cracker", "level": "debug", "descript": "破解失败(连续第17次):错误代码,查阅文档", "site": "iqiyi", "datetime": "2016-05-03 19:19:05"}
[2016-05-03 19:19:06,400](INFO)cracker : {"datetime": "2016-05-03 19:19:06", "descript": "CrackerMonitor:第17次检测完毕", "code": "", "from": "cracker", "level": "debug"}
[2016-05-03 19:49:26,272](INFO)cracker : {"code": "2", "from": "cracker", "level": "debug", "descript": "破解失败(连续第18次):错误代码,查阅文档", "site": "youku", "datetime": "2016-05-03 19:49:26"}
[2016-05-03 19:49:31,997](INFO)cracker : {"code": "0", "from": "cracker", "level": "debug", "descript": "破解失败(连续第18次):错误代码,查阅文档", "site": "iqiyi", "datetime": "2016-05-03 19:49:31"}
[2016-05-03 19:49:32,189](INFO)cracker : {"datetime": "2016-05-03 19:49:32", "descript": "CrackerMonitor:第18次检测完毕", "code": "", "from": "cracker", "level": "debug"}
[2016-05-03 20:20:01,210](INFO)cracker : {"code": "2", "from": "cracker", "level": "debug", "descript": "破解失败(连续第19次):错误代码,查阅文档", "site": "youku", "datetime": "2016-05-03 20:20:01"}
[2016-05-03 20:20:05,007](INFO)cracker : {"code": "0", "from": "cracker", "level": "debug", "descript": "破解失败(连续第19次):错误代码,查阅文档", "site": "iqiyi", "datetime": "2016-05-03 20:20:05"}
[2016-05-03 20:20:05,653](INFO)cracker : {"datetime": "2016-05-03 20:20:05", "descript": "CrackerMonitor:第19次检测完毕", "code": "", "from": "cracker", "level": "debug"}
[2016-05-03 20:50:28,341](INFO)cracker : {"code": "2", "from": "cracker", "level": "debug", "descript": "破解失败(连续第20次):错误代码,查阅文档", "site": "youku", "datetime": "2016-05-03 20:50:28"}
[2016-05-03 20:50:35,708](INFO)cracker : {"code": "0", "from": "cracker", "level": "debug", "descript": "破解失败(连续第20次):错误代码,查阅文档", "site": "iqiyi", "datetime": "2016-05-03 20:50:35"}
[2016-05-03 20:50:36,133](INFO)cracker : {"datetime": "2016-05-03 20:50:36", "descript": "CrackerMonitor:第20次检测完毕", "code": "", "from": "cracker", "level": "debug"}
[2016-05-03 21:20:55,205](INFO)cracker : {"code": "2", "from": "cracker", "level": "debug", "descript": "破解失败(连续第21次):错误代码,查阅文档", "site": "youku", "datetime": "2016-05-03 21:20:55"}
[2016-05-03 21:20:56,589](INFO)cracker : {"code": "0", "from": "cracker", "level": "debug", "descript": "破解失败(连续第21次):错误代码,查阅文档", "site": "iqiyi", "datetime": "2016-05-03 21:20:56"}
[2016-05-03 21:20:56,764](INFO)cracker : {"datetime": "2016-05-03 21:20:56", "descript": "CrackerMonitor:第21次检测完毕", "code": "", "from": "cracker", "level": "debug"}
[2016-05-03 21:51:12,325](INFO)cracker : {"code": "2", "from": "cracker", "level": "debug", "descript": "破解失败(连续第22次):错误代码,查阅文档", "site": "youku", "datetime": "2016-05-03 21:51:12"}
[2016-05-03 21:51:17,036](INFO)cracker : {"code": "0", "from": "cracker", "level": "debug", "descript": "破解失败(连续第22次):错误代码,查阅文档", "site": "iqiyi", "datetime": "2016-05-03 21:51:17"}
[2016-05-03 21:51:17,228](INFO)cracker : {"datetime": "2016-05-03 21:51:17", "descript": "CrackerMonitor:第22次检测完毕", "code": "", "from": "cracker", "level": "debug"}
[2016-05-03 22:21:33,257](INFO)cracker : {"code": "2", "from": "cracker", "level": "debug", "descript": "破解失败(连续第23次):错误代码,查阅文档", "site": "youku", "datetime": "2016-05-03 22:21:33"}
[2016-05-03 22:21:35,626](INFO)cracker : {"code": "0", "from": "cracker", "level": "error", "descript": "破解失败(连续第1次):错误代码,查阅文档", "site": "wasu", "datetime": "2016-05-03 22:21:35"}
[2016-05-03 22:21:45,289](INFO)cracker : {"code": "0", "from": "cracker", "level": "debug", "descript": "破解失败(连续第23次):错误代码,查阅文档", "site": "iqiyi", "datetime": "2016-05-03 22:21:45"}
[2016-05-03 22:21:45,438](INFO)cracker : {"datetime": "2016-05-03 22:21:45", "descript": "CrackerMonitor:第23次检测完毕", "code": "", "from": "cracker", "level": "debug"}
[2016-05-03 22:52:04,629](INFO)cracker : {"code": "2", "from": "cracker", "level": "debug", "descript": "破解失败(连续第24次):错误代码,查阅文档", "site": "youku", "datetime": "2016-05-03 22:52:04"}
[2016-05-03 22:52:09,545](INFO)cracker : {"code": "0", "from": "cracker", "level": "error", "descript": "破解失败(连续第2次):错误代码,查阅文档", "site": "wasu", "datetime": "2016-05-03 22:52:09"}
[2016-05-03 22:52:17,405](INFO)cracker : {"code": "0", "from": "cracker", "level": "debug", "descript": "破解失败(连续第24次):错误代码,查阅文档", "site": "iqiyi", "datetime": "2016-05-03 22:52:17"}
[2016-05-03 22:52:17,588](INFO)cracker : {"datetime": "2016-05-03 22:52:17", "descript": "CrackerMonitor:第24次检测完毕", "code": "", "from": "cracker", "level": "debug"}
[2016-05-03 23:22:35,870](INFO)cracker : {"code": "2", "from": "cracker", "level": "debug", "descript": "破解失败(连续第25次):错误代码,查阅文档", "site": "youku", "datetime": "2016-05-03 23:22:35"}
[2016-05-03 23:22:37,217](INFO)cracker : {"code": "0", "from": "cracker", "level": "debug", "descript": "破解失败(连续第25次):错误代码,查阅文档", "site": "iqiyi", "datetime": "2016-05-03 23:22:37"}
[2016-05-03 23:22:37,406](INFO)cracker : {"datetime": "2016-05-03 23:22:37", "descript": "CrackerMonitor:第25次检测完毕", "code": "", "from": "cracker", "level": "debug"}
[2016-05-03 23:52:53,917](INFO)cracker : {"code": "2", "from": "cracker", "level": "debug", "descript": "破解失败(连续第26次):错误代码,查阅文档", "site": "youku", "datetime": "2016-05-03 23:52:53"}
[2016-05-03 23:52:55,145](INFO)cracker : {"code": "0", "from": "cracker", "level": "debug", "descript": "破解失败(连续第26次):错误代码,查阅文档", "site": "iqiyi", "datetime": "2016-05-03 23:52:55"}
[2016-05-03 23:52:55,511](INFO)cracker : {"datetime": "2016-05-03 23:52:55", "descript": "CrackerMonitor:第26次检测完毕", "code": "", "from": "cracker", "level": "debug"}
[2016-05-04 00:23:09,561](INFO)cracker : {"code": "2", "from": "cracker", "level": "debug", "descript": "破解失败(连续第27次):错误代码,查阅文档", "site": "youku", "datetime": "2016-05-04 00:23:09"}
[2016-05-04 00:23:10,850](INFO)cracker : {"code": "0", "from": "cracker", "level": "debug", "descript": "破解失败(连续第27次):错误代码,查阅文档", "site": "iqiyi", "datetime": "2016-05-04 00:23:10"}
[2016-05-04 00:23:11,105](INFO)cracker : {"datetime": "2016-05-04 00:23:11", "descript": "CrackerMonitor:第27次检测完毕", "code": "", "from": "cracker", "level": "debug"}
[2016-05-04 00:53:23,626](INFO)cracker : {"code": "2", "from": "cracker", "level": "debug", "descript": "破解失败(连续第28次):错误代码,查阅文档", "site": "youku", "datetime": "2016-05-04 00:53:23"}
[2016-05-04 00:53:25,490](INFO)cracker : {"code": "0", "from": "cracker", "level": "debug", "descript": "破解失败(连续第28次):错误代码,查阅文档", "site": "iqiyi", "datetime": "2016-05-04 00:53:25"}
[2016-05-04 00:53:25,702](INFO)cracker : {"datetime": "2016-05-04 00:53:25", "descript": "CrackerMonitor:第28次检测完毕", "code": "", "from": "cracker", "level": "debug"}
[2016-05-04 01:23:39,068](INFO)cracker : {"code": "2", "from": "cracker", "level": "debug", "descript": "破解失败(连续第29次):错误代码,查阅文档", "site": "youku", "datetime": "2016-05-04 01:23:39"}
[2016-05-04 01:23:40,574](INFO)cracker : {"code": "0", "from": "cracker", "level": "debug", "descript": "破解失败(连续第29次):错误代码,查阅文档", "site": "iqiyi", "datetime": "2016-05-04 01:23:40"}
[2016-05-04 01:23:40,755](INFO)cracker : {"datetime": "2016-05-04 01:23:40", "descript": "CrackerMonitor:第29次检测完毕", "code": "", "from": "cracker", "level": "debug"}
[2016-05-04 01:53:53,972](INFO)cracker : {"code": "2", "from": "cracker", "level": "debug", "descript": "破解失败(连续第30次):错误代码,查阅文档", "site": "youku", "datetime": "2016-05-04 01:53:53"}
[2016-05-04 01:53:54,774](INFO)cracker : {"code": "0", "from": "cracker", "level": "debug", "descript": "破解失败(连续第30次):错误代码,查阅文档", "site": "iqiyi", "datetime": "2016-05-04 01:53:54"}
[2016-05-04 01:53:54,944](INFO)cracker : {"datetime": "2016-05-04 01:53:54", "descript": "CrackerMonitor:第30次检测完毕", "code": "", "from": "cracker", "level": "debug"}
[2016-05-04 02:24:11,551](INFO)cracker : {"code": "2", "from": "cracker", "level": "debug", "descript": "破解失败(连续第31次):错误代码,查阅文档", "site": "youku", "datetime": "2016-05-04 02:24:11"}
[2016-05-04 02:24:12,099](INFO)cracker : {"code": "0", "from": "cracker", "level": "debug", "descript": "破解失败(连续第31次):错误代码,查阅文档", "site": "iqiyi", "datetime": "2016-05-04 02:24:12"}
[2016-05-04 02:24:12,312](INFO)cracker : {"datetime": "2016-05-04 02:24:12", "descript": "CrackerMonitor:第31次检测完毕", "code": "", "from": "cracker", "level": "debug"}
[2016-05-04 02:54:26,587](INFO)cracker : {"code": "2", "from": "cracker", "level": "debug", "descript": "破解失败(连续第32次):错误代码,查阅文档", "site": "youku", "datetime": "2016-05-04 02:54:26"}
[2016-05-04 02:54:27,004](INFO)cracker : {"code": "0", "from": "cracker", "level": "debug", "descript": "破解失败(连续第32次):错误代码,查阅文档", "site": "iqiyi", "datetime": "2016-05-04 02:54:27"}
[2016-05-04 02:54:27,216](INFO)cracker : {"datetime": "2016-05-04 02:54:27", "descript": "CrackerMonitor:第32次检测完毕", "code": "", "from": "cracker", "level": "debug"}
[2016-05-04 03:24:39,545](INFO)cracker : {"code": "2", "from": "cracker", "level": "debug", "descript": "破解失败(连续第33次):错误代码,查阅文档", "site": "youku", "datetime": "2016-05-04 03:24:39"}
[2016-05-04 03:24:40,058](INFO)cracker : {"code": "0", "from": "cracker", "level": "debug", "descript": "破解失败(连续第33次):错误代码,查阅文档", "site": "iqiyi", "datetime": "2016-05-04 03:24:40"}
[2016-05-04 03:24:40,240](INFO)cracker : {"datetime": "2016-05-04 03:24:40", "descript": "CrackerMonitor:第33次检测完毕", "code": "", "from": "cracker", "level": "debug"}
[2016-05-04 03:54:51,624](INFO)cracker : {"code": "2", "from": "cracker", "level": "debug", "descript": "破解失败(连续第34次):错误代码,查阅文档", "site": "youku", "datetime": "2016-05-04 03:54:51"}
[2016-05-04 03:54:52,043](INFO)cracker : {"code": "0", "from": "cracker", "level": "debug", "descript": "破解失败(连续第34次):错误代码,查阅文档", "site": "iqiyi", "datetime": "2016-05-04 03:54:52"}
[2016-05-04 03:54:52,265](INFO)cracker : {"datetime": "2016-05-04 03:54:52", "descript": "CrackerMonitor:第34次检测完毕", "code": "", "from": "cracker", "level": "debug"}
[2016-05-04 04:25:03,663](INFO)cracker : {"code": "2", "from": "cracker", "level": "debug", "descript": "破解失败(连续第35次):错误代码,查阅文档", "site": "youku", "datetime": "2016-05-04 04:25:03"}
[2016-05-04 04:25:05,151](INFO)cracker : {"code": "0", "from": "cracker", "level": "debug", "descript": "破解失败(连续第35次):错误代码,查阅文档", "site": "iqiyi", "datetime": "2016-05-04 04:25:05"}
[2016-05-04 04:25:05,334](INFO)cracker : {"datetime": "2016-05-04 04:25:05", "descript": "CrackerMonitor:第35次检测完毕", "code": "", "from": "cracker", "level": "debug"}
[2016-05-04 04:55:16,370](INFO)cracker : {"code": "2", "from": "cracker", "level": "debug", "descript": "破解失败(连续第36次):错误代码,查阅文档", "site": "youku", "datetime": "2016-05-04 04:55:16"}
[2016-05-04 04:55:16,723](INFO)cracker : {"code": "0", "from": "cracker", "level": "debug", "descript": "破解失败(连续第36次):错误代码,查阅文档", "site": "iqiyi", "datetime": "2016-05-04 04:55:16"}
[2016-05-04 04:55:17,933](INFO)cracker : {"datetime": "2016-05-04 04:55:17", "descript": "CrackerMonitor:第36次检测完毕", "code": "", "from": "cracker", "level": "debug"}
[2016-05-04 05:25:30,697](INFO)cracker : {"code": "2", "from": "cracker", "level": "debug", "descript": "破解失败(连续第37次):错误代码,查阅文档", "site": "youku", "datetime": "2016-05-04 05:25:30"}
[2016-05-04 05:25:31,166](INFO)cracker : {"code": "0", "from": "cracker", "level": "debug", "descript": "破解失败(连续第37次):错误代码,查阅文档", "site": "iqiyi", "datetime": "2016-05-04 05:25:31"}
[2016-05-04 05:25:31,334](INFO)cracker : {"datetime": "2016-05-04 05:25:31", "descript": "CrackerMonitor:第37次检测完毕", "code": "", "from": "cracker", "level": "debug"}
[2016-05-04 05:55:42,887](INFO)cracker : {"code": "2", "from": "cracker", "level": "debug", "descript": "破解失败(连续第38次):错误代码,查阅文档", "site": "youku", "datetime": "2016-05-04 05:55:42"}
[2016-05-04 05:55:43,552](INFO)cracker : {"code": "0", "from": "cracker", "level": "debug", "descript": "破解失败(连续第38次):错误代码,查阅文档", "site": "iqiyi", "datetime": "2016-05-04 05:55:43"}
[2016-05-04 05:55:43,766](INFO)cracker : {"datetime": "2016-05-04 05:55:43", "descript": "CrackerMonitor:第38次检测完毕", "code": "", "from": "cracker", "level": "debug"}
[2016-05-04 06:25:55,820](INFO)cracker : {"code": "2", "from": "cracker", "level": "debug", "descript": "破解失败(连续第39次):错误代码,查阅文档", "site": "youku", "datetime": "2016-05-04 06:25:55"}
[2016-05-04 06:25:56,749](INFO)cracker : {"code": "0", "from": "cracker", "level": "debug", "descript": "破解失败(连续第39次):错误代码,查阅文档", "site": "iqiyi", "datetime": "2016-05-04 06:25:56"}
[2016-05-04 06:25:56,950](INFO)cracker : {"datetime": "2016-05-04 06:25:56", "descript": "CrackerMonitor:第39次检测完毕", "code": "", "from": "cracker", "level": "debug"}
[2016-05-04 06:56:09,483](INFO)cracker : {"code": "2", "from": "cracker", "level": "debug", "descript": "破解失败(连续第40次):错误代码,查阅文档", "site": "youku", "datetime": "2016-05-04 06:56:09"}
[2016-05-04 06:56:09,923](INFO)cracker : {"code": "0", "from": "cracker", "level": "debug", "descript": "破解失败(连续第40次):错误代码,查阅文档", "site": "iqiyi", "datetime": "2016-05-04 06:56:09"}
[2016-05-04 06:56:10,090](INFO)cracker : {"datetime": "2016-05-04 06:56:10", "descript": "CrackerMonitor:第40次检测完毕", "code": "", "from": "cracker", "level": "debug"}
[2016-05-04 07:26:21,015](INFO)cracker : {"code": "2", "from": "cracker", "level": "debug", "descript": "破解失败(连续第41次):错误代码,查阅文档", "site": "youku", "datetime": "2016-05-04 07:26:21"}
[2016-05-04 07:26:21,520](INFO)cracker : {"code": "0", "from": "cracker", "level": "debug", "descript": "破解失败(连续第41次):错误代码,查阅文档", "site": "iqiyi", "datetime": "2016-05-04 07:26:21"}
[2016-05-04 07:26:21,954](INFO)cracker : {"datetime": "2016-05-04 07:26:21", "descript": "CrackerMonitor:第41次检测完毕", "code": "", "from": "cracker", "level": "debug"}
[2016-05-04 07:56:32,533](INFO)cracker : {"code": "2", "from": "cracker", "level": "debug", "descript": "破解失败(连续第42次):错误代码,查阅文档", "site": "youku", "datetime": "2016-05-04 07:56:32"}
[2016-05-04 07:56:33,111](INFO)cracker : {"code": "0", "from": "cracker", "level": "debug", "descript": "破解失败(连续第42次):错误代码,查阅文档", "site": "iqiyi", "datetime": "2016-05-04 07:56:33"}
[2016-05-04 07:56:33,524](INFO)cracker : {"datetime": "2016-05-04 07:56:33", "descript": "CrackerMonitor:第42次检测完毕", "code": "", "from": "cracker", "level": "debug"}
[2016-05-04 08:26:45,348](INFO)cracker : {"code": "2", "from": "cracker", "level": "debug", "descript": "破解失败(连续第43次):错误代码,查阅文档", "site": "youku", "datetime": "2016-05-04 08:26:45"}
[2016-05-04 08:26:46,793](INFO)cracker : {"code": "0", "from": "cracker", "level": "debug", "descript": "破解失败(连续第43次):错误代码,查阅文档", "site": "iqiyi", "datetime": "2016-05-04 08:26:46"}
[2016-05-04 08:26:47,435](INFO)cracker : {"datetime": "2016-05-04 08:26:47", "descript": "CrackerMonitor:第43次检测完毕", "code": "", "from": "cracker", "level": "debug"}
[2016-05-04 08:56:54,414](INFO)cracker : {"code": "2", "from": "cracker", "level": "debug", "descript": "破解失败(连续第44次):错误代码,查阅文档", "site": "youku", "datetime": "2016-05-04 08:56:54"}
[2016-05-04 08:56:55,268](INFO)cracker : {"code": "0", "from": "cracker", "level": "debug", "descript": "破解失败(连续第44次):错误代码,查阅文档", "site": "iqiyi", "datetime": "2016-05-04 08:56:55"}
[2016-05-04 08:56:55,481](INFO)cracker : {"datetime": "2016-05-04 08:56:55", "descript": "CrackerMonitor:第44次检测完毕", "code": "", "from": "cracker", "level": "debug"}
