[2016-05-03 11:13:04,442](INFO)k_hunantv : {"code": "http://pcvideofast.titan.imgo.tv/mp4/2015/dianshiju/mrxx_35481/97193AC9B4406CD83938F3CE4799C8E6_20151020_1_1_253.mp4?uuid=9ecc9976c0fe461cb21fb9d3dffa9849&t=572888b8&pno=1010&sign=7db3c71179fca652a327ef85fddbe1f8&win=300&srgid=25005&urgid=448&srgids=25005&nid=25005&payload=usertoken%3dhit%3d0&rdur=21600&arange=0&limitrate=0&fid=97193AC9B4406CD83938F3CE4799C8E6&ver=0x03", "from": "expires", "level": "debug", "format": "fluent", "descript": "记录当前检测的URL", "site": "hunantv", "datetime": "2016-05-03 11:13:04"}
[2016-05-03 11:13:15,144](INFO)k_hunantv : {"code": "http://pcvideofast.titan.imgo.tv/mp4/2015/dianshiju/mrxx_35481/AC5DBA748B2BAF7CAC9B943B8A0DC86F_20151020_1_1_383.mp4?uuid=fedfed780c5a49bb99f8efd88841d341&t=572888c3&pno=1010&sign=1ea9f8f3a2ae95e3a159b3d561346090&win=300&srgid=25005&urgid=448&srgids=25005&nid=25005&payload=usertoken%3dhit%3d0&rdur=21600&arange=0&limitrate=0&fid=AC5DBA748B2BAF7CAC9B943B8A0DC86F&ver=0x03", "from": "expires", "level": "debug", "format": "normal", "descript": "记录当前检测的URL", "site": "hunantv", "datetime": "2016-05-03 11:13:15"}
[2016-05-03 11:13:23,153](INFO)k_hunantv : {"code": "http://pcvideofast.titan.imgo.tv/mp4/2015/dianshiju/mrxx_35481/948C481C0CBF3D06909FEAD7919ACBCF_20151020_1_1_715.mp4?uuid=610f2d42441843f1958c1e851a28eed8&t=572888cb&pno=1010&sign=59a8dfd2bd250baded328726bb0fc335&win=300&srgid=25005&urgid=448&srgids=25005&nid=25005&payload=usertoken%3dhit%3d0&rdur=21600&arange=0&limitrate=0&fid=948C481C0CBF3D06909FEAD7919ACBCF&ver=0x03", "from": "expires", "level": "debug", "format": "high", "descript": "记录当前检测的URL", "site": "hunantv", "datetime": "2016-05-03 11:13:23"}
[2016-05-03 11:13:32,121](INFO)k_hunantv : {"code": "", "from": "expires", "level": "debug", "format": "super", "descript": "破解结果不包含给定的format", "site": "hunantv", "datetime": "2016-05-03 11:13:32"}
[2016-05-03 11:13:32,150](INFO)k_hunantv : {"code": "", "from": "expires", "level": "debug", "format": "original", "descript": "破解结果不包含给定的format", "site": "hunantv", "datetime": "2016-05-03 11:13:32"}
[2016-05-03 13:33:16,743](INFO)k_hunantv : {"code": "", "from": "expires", "level": "debug", "format": "super", "descript": "破解结果不包含给定的format", "site": "hunantv", "datetime": "2016-05-03 13:33:16"}
[2016-05-03 13:33:16,770](INFO)k_hunantv : {"code": "", "from": "expires", "level": "debug", "format": "original", "descript": "破解结果不包含给定的format", "site": "hunantv", "datetime": "2016-05-03 13:33:16"}
[2016-05-03 15:32:59,894](INFO)k_hunantv : {"code": "", "from": "expires", "level": "debug", "format": "super", "descript": "破解结果不包含给定的format", "site": "hunantv", "datetime": "2016-05-03 15:32:59"}
[2016-05-03 15:32:59,923](INFO)k_hunantv : {"code": "", "from": "expires", "level": "debug", "format": "original", "descript": "破解结果不包含给定的format", "site": "hunantv", "datetime": "2016-05-03 15:32:59"}
[2016-05-03 17:05:29,637](INFO)k_hunantv : {"code": "", "from": "expires", "level": "debug", "format": "super", "descript": "破解结果不包含给定的format", "site": "hunantv", "datetime": "2016-05-03 17:05:29"}
[2016-05-03 17:05:29,664](INFO)k_hunantv : {"code": "", "from": "expires", "level": "debug", "format": "original", "descript": "破解结果不包含给定的format", "site": "hunantv", "datetime": "2016-05-03 17:05:29"}
[2016-05-03 19:58:18,069](INFO)k_hunantv : {"code": "403", "from": "expires", "level": "debug", "format": "fluent", "descript": "", "site": "hunantv", "datetime": "2016-05-03 19:58:18"}
[2016-05-03 19:58:23,088](INFO)k_hunantv : {"code": "403", "from": "expires", "level": "debug", "format": "fluent", "descript": "", "site": "hunantv", "datetime": "2016-05-03 19:58:23"}
[2016-05-03 19:58:31,124](INFO)k_hunantv : {"code": "403", "from": "expires", "level": "debug", "format": "fluent", "descript": "", "site": "hunantv", "datetime": "2016-05-03 19:58:31"}
[2016-05-03 19:58:31,124](INFO)k_hunantv : {"code": "", "from": "expires", "level": "debug", "format": "fluent", "descript": "连接3次无法从破解地址获取数据", "site": "hunantv", "datetime": "2016-05-03 19:58:31"}
[2016-05-03 19:58:31,125](INFO)k_hunantv : {"code": "", "from": "expires", "level": "debug", "format": "fluent", "descript": "程序检测出有效时间出现波动，其值为31227(s)", "site": "hunantv", "datetime": "2016-05-03 19:58:31"}
[2016-05-03 19:58:31,138](INFO)k_hunantv : {"code": "403", "from": "expires", "level": "debug", "format": "normal", "descript": "", "site": "hunantv", "datetime": "2016-05-03 19:58:31"}
[2016-05-03 19:58:36,156](INFO)k_hunantv : {"code": "403", "from": "expires", "level": "debug", "format": "normal", "descript": "", "site": "hunantv", "datetime": "2016-05-03 19:58:36"}
[2016-05-03 19:58:44,185](INFO)k_hunantv : {"code": "403", "from": "expires", "level": "debug", "format": "normal", "descript": "", "site": "hunantv", "datetime": "2016-05-03 19:58:44"}
[2016-05-03 19:58:44,186](INFO)k_hunantv : {"code": "", "from": "expires", "level": "debug", "format": "normal", "descript": "连接3次无法从破解地址获取数据", "site": "hunantv", "datetime": "2016-05-03 19:58:44"}
[2016-05-03 19:58:44,186](INFO)k_hunantv : {"code": "", "from": "expires", "level": "debug", "format": "normal", "descript": "程序检测出有效时间出现波动，其值为31229(s)", "site": "hunantv", "datetime": "2016-05-03 19:58:44"}
[2016-05-03 19:58:44,203](INFO)k_hunantv : {"code": "403", "from": "expires", "level": "debug", "format": "high", "descript": "", "site": "hunantv", "datetime": "2016-05-03 19:58:44"}
[2016-05-03 19:58:49,746](INFO)k_hunantv : {"code": "403", "from": "expires", "level": "debug", "format": "high", "descript": "", "site": "hunantv", "datetime": "2016-05-03 19:58:49"}
[2016-05-03 19:58:57,771](INFO)k_hunantv : {"code": "403", "from": "expires", "level": "debug", "format": "high", "descript": "", "site": "hunantv", "datetime": "2016-05-03 19:58:57"}
[2016-05-03 19:58:57,772](INFO)k_hunantv : {"code": "", "from": "expires", "level": "error", "format": "high", "descript": "连接3次无法从破解地址获取数据", "site": "hunantv", "datetime": "2016-05-03 19:58:57"}
[2016-05-03 19:59:07,279](INFO)k_hunantv : {"code": "", "from": "expires", "level": "debug", "format": "high", "descript": "程序检测出有效时间出现波动，其值为31244(s)", "site": "hunantv", "datetime": "2016-05-03 19:59:07"}
[2016-05-03 19:59:07,345](INFO)k_hunantv : {"code": "", "from": "expires", "level": "debug", "format": "super", "descript": "破解结果不包含给定的format", "site": "hunantv", "datetime": "2016-05-03 19:59:07"}
[2016-05-03 19:59:07,373](INFO)k_hunantv : {"code": "", "from": "expires", "level": "debug", "format": "original", "descript": "破解结果不包含给定的format", "site": "hunantv", "datetime": "2016-05-03 19:59:07"}
[2016-05-03 21:04:28,288](INFO)k_hunantv : {"code": "http://pcvideofast.titan.imgo.tv/mp4/2015/dianshiju/mrxx_35481/97193AC9B4406CD83938F3CE4799C8E6_20151020_1_1_253.mp4?uuid=be17e3e78970409d81134a83f50e0545&t=57291355&pno=1010&sign=c4406f5f6d3c4b01a5c2477216bf7305&win=300&srgid=25005&urgid=448&srgids=25005&nid=25005&payload=usertoken%3dhit%3d0&rdur=21600&arange=0&limitrate=0&fid=97193AC9B4406CD83938F3CE4799C8E6&ver=0x03", "from": "expires", "level": "debug", "format": "fluent", "descript": "记录当前检测的URL", "site": "hunantv", "datetime": "2016-05-03 21:04:28"}
[2016-05-03 21:04:36,523](INFO)k_hunantv : {"code": "http://pcvideofast.titan.imgo.tv/mp4/2015/dianshiju/mrxx_35481/AC5DBA748B2BAF7CAC9B943B8A0DC86F_20151020_1_1_383.mp4?uuid=77678adf0f6a4a1c8a9de479a153d64c&t=5729135e&pno=1010&sign=aab227f329a334783bebfc57424d1776&win=300&srgid=25005&urgid=448&srgids=25005&nid=25005&payload=usertoken%3dhit%3d0&rdur=21600&arange=0&limitrate=0&fid=AC5DBA748B2BAF7CAC9B943B8A0DC86F&ver=0x03", "from": "expires", "level": "debug", "format": "normal", "descript": "记录当前检测的URL", "site": "hunantv", "datetime": "2016-05-03 21:04:36"}
[2016-05-03 21:04:44,505](INFO)k_hunantv : {"code": "http://pcvideofast.titan.imgo.tv/mp4/2015/dianshiju/mrxx_35481/948C481C0CBF3D06909FEAD7919ACBCF_20151020_1_1_715.mp4?uuid=bbb16d094e404939bb182eeb05e2df1d&t=57291366&pno=1010&sign=c419b9c462b55711ca68ce66e1db78b8&win=300&srgid=25005&urgid=448&srgids=25005&nid=25005&payload=usertoken%3dhit%3d0&rdur=21600&arange=0&limitrate=0&fid=948C481C0CBF3D06909FEAD7919ACBCF&ver=0x03", "from": "expires", "level": "debug", "format": "high", "descript": "记录当前检测的URL", "site": "hunantv", "datetime": "2016-05-03 21:04:44"}
[2016-05-03 21:04:52,461](INFO)k_hunantv : {"code": "", "from": "expires", "level": "debug", "format": "super", "descript": "破解结果不包含给定的format", "site": "hunantv", "datetime": "2016-05-03 21:04:52"}
[2016-05-03 21:04:52,491](INFO)k_hunantv : {"code": "", "from": "expires", "level": "debug", "format": "original", "descript": "破解结果不包含给定的format", "site": "hunantv", "datetime": "2016-05-03 21:04:52"}
[2016-05-03 22:29:12,282](INFO)k_hunantv : {"code": "", "from": "expires", "level": "debug", "format": "super", "descript": "破解结果不包含给定的format", "site": "hunantv", "datetime": "2016-05-03 22:29:12"}
[2016-05-03 22:29:12,308](INFO)k_hunantv : {"code": "", "from": "expires", "level": "debug", "format": "original", "descript": "破解结果不包含给定的format", "site": "hunantv", "datetime": "2016-05-03 22:29:12"}
[2016-05-04 01:17:08,799](INFO)k_hunantv : {"code": "", "from": "expires", "level": "debug", "format": "super", "descript": "破解结果不包含给定的format", "site": "hunantv", "datetime": "2016-05-04 01:17:08"}
[2016-05-04 01:17:08,828](INFO)k_hunantv : {"code": "", "from": "expires", "level": "debug", "format": "original", "descript": "破解结果不包含给定的format", "site": "hunantv", "datetime": "2016-05-04 01:17:08"}
[2016-05-04 03:41:25,405](INFO)k_hunantv : {"code": "403", "from": "expires", "level": "debug", "format": "fluent", "descript": "", "site": "hunantv", "datetime": "2016-05-04 03:41:25"}
[2016-05-04 03:41:30,423](INFO)k_hunantv : {"code": "403", "from": "expires", "level": "debug", "format": "fluent", "descript": "", "site": "hunantv", "datetime": "2016-05-04 03:41:30"}
[2016-05-04 03:41:38,440](INFO)k_hunantv : {"code": "403", "from": "expires", "level": "debug", "format": "fluent", "descript": "", "site": "hunantv", "datetime": "2016-05-04 03:41:38"}
[2016-05-04 03:41:38,440](INFO)k_hunantv : {"code": "", "from": "expires", "level": "error", "format": "fluent", "descript": "连接3次无法从破解地址获取数据", "site": "hunantv", "datetime": "2016-05-04 03:41:38"}
[2016-05-04 03:41:44,452](INFO)k_hunantv : {"code": "", "from": "expires", "level": "debug", "format": "fluent", "descript": "程序检测出有效时间出现波动，其值为23536(s)", "site": "hunantv", "datetime": "2016-05-04 03:41:44"}
[2016-05-04 03:41:44,468](INFO)k_hunantv : {"code": "403", "from": "expires", "level": "debug", "format": "normal", "descript": "", "site": "hunantv", "datetime": "2016-05-04 03:41:44"}
[2016-05-04 03:41:49,488](INFO)k_hunantv : {"code": "403", "from": "expires", "level": "debug", "format": "normal", "descript": "", "site": "hunantv", "datetime": "2016-05-04 03:41:49"}
[2016-05-04 03:41:57,522](INFO)k_hunantv : {"code": "403", "from": "expires", "level": "debug", "format": "normal", "descript": "", "site": "hunantv", "datetime": "2016-05-04 03:41:57"}
[2016-05-04 03:41:57,523](INFO)k_hunantv : {"code": "", "from": "expires", "level": "error", "format": "normal", "descript": "连接3次无法从破解地址获取数据", "site": "hunantv", "datetime": "2016-05-04 03:41:57"}
[2016-05-04 03:42:04,482](INFO)k_hunantv : {"code": "", "from": "expires", "level": "debug", "format": "normal", "descript": "程序检测出有效时间出现波动，其值为23548(s)", "site": "hunantv", "datetime": "2016-05-04 03:42:04"}
[2016-05-04 03:42:04,496](INFO)k_hunantv : {"code": "403", "from": "expires", "level": "debug", "format": "high", "descript": "", "site": "hunantv", "datetime": "2016-05-04 03:42:04"}
[2016-05-04 03:42:09,516](INFO)k_hunantv : {"code": "403", "from": "expires", "level": "debug", "format": "high", "descript": "", "site": "hunantv", "datetime": "2016-05-04 03:42:09"}
[2016-05-04 03:42:17,554](INFO)k_hunantv : {"code": "403", "from": "expires", "level": "debug", "format": "high", "descript": "", "site": "hunantv", "datetime": "2016-05-04 03:42:17"}
[2016-05-04 03:42:17,555](INFO)k_hunantv : {"code": "", "from": "expires", "level": "error", "format": "high", "descript": "连接3次无法从破解地址获取数据", "site": "hunantv", "datetime": "2016-05-04 03:42:17"}
[2016-05-04 03:42:24,512](INFO)k_hunantv : {"code": "", "from": "expires", "level": "debug", "format": "high", "descript": "程序检测出有效时间出现波动，其值为23560(s)", "site": "hunantv", "datetime": "2016-05-04 03:42:24"}
[2016-05-04 03:42:24,579](INFO)k_hunantv : {"code": "", "from": "expires", "level": "debug", "format": "super", "descript": "破解结果不包含给定的format", "site": "hunantv", "datetime": "2016-05-04 03:42:24"}
[2016-05-04 03:42:24,605](INFO)k_hunantv : {"code": "", "from": "expires", "level": "debug", "format": "original", "descript": "破解结果不包含给定的format", "site": "hunantv", "datetime": "2016-05-04 03:42:24"}
[2016-05-04 05:32:59,891](INFO)k_hunantv : {"code": "http://pcvideofast.titan.imgo.tv/mp4/2015/dianshiju/mrxx_35481/97193AC9B4406CD83938F3CE4799C8E6_20151020_1_1_253.mp4?uuid=4fc3982c667f43548a2c19917aa4b7db&t=57298a86&pno=1010&sign=034e7975346ef6db5eac88f2b2f87fda&win=300&srgid=25005&urgid=448&srgids=25005&nid=25005&payload=usertoken%3dhit%3d0&rdur=21600&arange=0&limitrate=0&fid=97193AC9B4406CD83938F3CE4799C8E6&ver=0x03", "from": "expires", "level": "debug", "format": "fluent", "descript": "记录当前检测的URL", "site": "hunantv", "datetime": "2016-05-04 05:32:59"}
[2016-05-04 05:33:08,053](INFO)k_hunantv : {"code": "http://pcvideofast.titan.imgo.tv/mp4/2015/dianshiju/mrxx_35481/AC5DBA748B2BAF7CAC9B943B8A0DC86F_20151020_1_1_383.mp4?uuid=e604e6775c3e4545a0514cbc2268a885&t=57298a8f&pno=1010&sign=e53154cb67828273860203297d0d7e11&win=300&srgid=25005&urgid=448&srgids=25005&nid=25005&payload=usertoken%3dhit%3d0&rdur=21600&arange=0&limitrate=0&fid=AC5DBA748B2BAF7CAC9B943B8A0DC86F&ver=0x03", "from": "expires", "level": "debug", "format": "normal", "descript": "记录当前检测的URL", "site": "hunantv", "datetime": "2016-05-04 05:33:08"}
[2016-05-04 05:33:16,052](INFO)k_hunantv : {"code": "http://pcvideofast.titan.imgo.tv/mp4/2015/dianshiju/mrxx_35481/948C481C0CBF3D06909FEAD7919ACBCF_20151020_1_1_715.mp4?uuid=e0d82a8ab8d34a4cbba8ebcf4d13ec55&t=57298a97&pno=1010&sign=a11c12ba39379452e354017a38bf9a03&win=300&srgid=25005&urgid=448&srgids=25005&nid=25005&payload=usertoken%3dhit%3d0&rdur=21600&arange=0&limitrate=0&fid=948C481C0CBF3D06909FEAD7919ACBCF&ver=0x03", "from": "expires", "level": "debug", "format": "high", "descript": "记录当前检测的URL", "site": "hunantv", "datetime": "2016-05-04 05:33:16"}
[2016-05-04 05:33:24,017](INFO)k_hunantv : {"code": "", "from": "expires", "level": "debug", "format": "super", "descript": "破解结果不包含给定的format", "site": "hunantv", "datetime": "2016-05-04 05:33:24"}
[2016-05-04 05:33:24,048](INFO)k_hunantv : {"code": "", "from": "expires", "level": "debug", "format": "original", "descript": "破解结果不包含给定的format", "site": "hunantv", "datetime": "2016-05-04 05:33:24"}
[2016-05-04 07:37:40,703](INFO)k_hunantv : {"code": "", "from": "expires", "level": "debug", "format": "super", "descript": "破解结果不包含给定的format", "site": "hunantv", "datetime": "2016-05-04 07:37:40"}
[2016-05-04 07:37:40,732](INFO)k_hunantv : {"code": "", "from": "expires", "level": "debug", "format": "original", "descript": "破解结果不包含给定的format", "site": "hunantv", "datetime": "2016-05-04 07:37:40"}
