[2016-05-03 13:26:02,839](INFO)k_iqiyi : {"code": "", "from": "expires", "level": "debug", "format": "fluent", "descript": "破解结果为空或出现error", "site": "iqiyi", "datetime": "2016-05-03 13:26:02"}
[2016-05-03 13:26:02,840](INFO)k_iqiyi : {"code": "", "from": "expires", "level": "debug", "format": "normal", "descript": "破解结果为空或出现error", "site": "iqiyi", "datetime": "2016-05-03 13:26:02"}
[2016-05-03 13:26:02,841](INFO)k_iqiyi : {"code": "", "from": "expires", "level": "debug", "format": "high", "descript": "破解结果为空或出现error", "site": "iqiyi", "datetime": "2016-05-03 13:26:02"}
[2016-05-03 13:26:02,842](INFO)k_iqiyi : {"code": "", "from": "expires", "level": "debug", "format": "super", "descript": "破解结果为空或出现error", "site": "iqiyi", "datetime": "2016-05-03 13:26:02"}
[2016-05-03 13:26:02,843](INFO)k_iqiyi : {"code": "", "from": "expires", "level": "debug", "format": "original", "descript": "破解结果为空或出现error", "site": "iqiyi", "datetime": "2016-05-03 13:26:02"}
[2016-05-03 15:26:03,635](INFO)k_iqiyi : {"code": "", "from": "expires", "level": "debug", "format": "fluent", "descript": "破解结果为空或出现error", "site": "iqiyi", "datetime": "2016-05-03 15:26:03"}
[2016-05-03 15:26:03,636](INFO)k_iqiyi : {"code": "", "from": "expires", "level": "debug", "format": "normal", "descript": "破解结果为空或出现error", "site": "iqiyi", "datetime": "2016-05-03 15:26:03"}
[2016-05-03 15:26:03,637](INFO)k_iqiyi : {"code": "", "from": "expires", "level": "debug", "format": "high", "descript": "破解结果为空或出现error", "site": "iqiyi", "datetime": "2016-05-03 15:26:03"}
[2016-05-03 15:26:03,638](INFO)k_iqiyi : {"code": "", "from": "expires", "level": "debug", "format": "super", "descript": "破解结果为空或出现error", "site": "iqiyi", "datetime": "2016-05-03 15:26:03"}
[2016-05-03 15:26:03,640](INFO)k_iqiyi : {"code": "", "from": "expires", "level": "debug", "format": "original", "descript": "破解结果为空或出现error", "site": "iqiyi", "datetime": "2016-05-03 15:26:03"}
[2016-05-03 16:56:36,176](INFO)k_iqiyi : {"code": "", "from": "expires", "level": "debug", "format": "fluent", "descript": "破解结果为空或出现error", "site": "iqiyi", "datetime": "2016-05-03 16:56:36"}
[2016-05-03 16:56:36,177](INFO)k_iqiyi : {"code": "", "from": "expires", "level": "debug", "format": "normal", "descript": "破解结果为空或出现error", "site": "iqiyi", "datetime": "2016-05-03 16:56:36"}
[2016-05-03 16:56:36,178](INFO)k_iqiyi : {"code": "", "from": "expires", "level": "debug", "format": "high", "descript": "破解结果为空或出现error", "site": "iqiyi", "datetime": "2016-05-03 16:56:36"}
[2016-05-03 16:56:36,179](INFO)k_iqiyi : {"code": "", "from": "expires", "level": "debug", "format": "super", "descript": "破解结果为空或出现error", "site": "iqiyi", "datetime": "2016-05-03 16:56:36"}
[2016-05-03 16:56:36,180](INFO)k_iqiyi : {"code": "", "from": "expires", "level": "debug", "format": "original", "descript": "破解结果为空或出现error", "site": "iqiyi", "datetime": "2016-05-03 16:56:36"}
[2016-05-03 19:50:48,561](INFO)k_iqiyi : {"code": "", "from": "expires", "level": "debug", "format": "fluent", "descript": "破解结果为空或出现error", "site": "iqiyi", "datetime": "2016-05-03 19:50:48"}
[2016-05-03 19:50:48,562](INFO)k_iqiyi : {"code": "", "from": "expires", "level": "debug", "format": "normal", "descript": "破解结果为空或出现error", "site": "iqiyi", "datetime": "2016-05-03 19:50:48"}
[2016-05-03 19:50:48,563](INFO)k_iqiyi : {"code": "", "from": "expires", "level": "debug", "format": "high", "descript": "破解结果为空或出现error", "site": "iqiyi", "datetime": "2016-05-03 19:50:48"}
[2016-05-03 19:50:48,564](INFO)k_iqiyi : {"code": "", "from": "expires", "level": "debug", "format": "super", "descript": "破解结果为空或出现error", "site": "iqiyi", "datetime": "2016-05-03 19:50:48"}
[2016-05-03 19:50:48,565](INFO)k_iqiyi : {"code": "", "from": "expires", "level": "debug", "format": "original", "descript": "破解结果为空或出现error", "site": "iqiyi", "datetime": "2016-05-03 19:50:48"}
[2016-05-03 20:57:49,527](INFO)k_iqiyi : {"code": "", "from": "expires", "level": "debug", "format": "fluent", "descript": "破解结果为空或出现error", "site": "iqiyi", "datetime": "2016-05-03 20:57:49"}
[2016-05-03 20:57:49,528](INFO)k_iqiyi : {"code": "", "from": "expires", "level": "debug", "format": "normal", "descript": "破解结果为空或出现error", "site": "iqiyi", "datetime": "2016-05-03 20:57:49"}
[2016-05-03 20:57:49,529](INFO)k_iqiyi : {"code": "", "from": "expires", "level": "debug", "format": "high", "descript": "破解结果为空或出现error", "site": "iqiyi", "datetime": "2016-05-03 20:57:49"}
[2016-05-03 20:57:49,530](INFO)k_iqiyi : {"code": "", "from": "expires", "level": "debug", "format": "super", "descript": "破解结果为空或出现error", "site": "iqiyi", "datetime": "2016-05-03 20:57:49"}
[2016-05-03 20:57:49,531](INFO)k_iqiyi : {"code": "", "from": "expires", "level": "debug", "format": "original", "descript": "破解结果为空或出现error", "site": "iqiyi", "datetime": "2016-05-03 20:57:49"}
[2016-05-03 22:20:41,017](INFO)k_iqiyi : {"code": "", "from": "expires", "level": "debug", "format": "fluent", "descript": "破解结果为空或出现error", "site": "iqiyi", "datetime": "2016-05-03 22:20:41"}
[2016-05-03 22:20:41,019](INFO)k_iqiyi : {"code": "", "from": "expires", "level": "debug", "format": "normal", "descript": "破解结果为空或出现error", "site": "iqiyi", "datetime": "2016-05-03 22:20:41"}
[2016-05-03 22:20:41,020](INFO)k_iqiyi : {"code": "", "from": "expires", "level": "debug", "format": "high", "descript": "破解结果为空或出现error", "site": "iqiyi", "datetime": "2016-05-03 22:20:41"}
[2016-05-03 22:20:41,021](INFO)k_iqiyi : {"code": "", "from": "expires", "level": "debug", "format": "super", "descript": "破解结果为空或出现error", "site": "iqiyi", "datetime": "2016-05-03 22:20:41"}
[2016-05-03 22:20:41,022](INFO)k_iqiyi : {"code": "", "from": "expires", "level": "debug", "format": "original", "descript": "破解结果为空或出现error", "site": "iqiyi", "datetime": "2016-05-03 22:20:41"}
[2016-05-04 01:09:21,784](INFO)k_iqiyi : {"code": "", "from": "expires", "level": "debug", "format": "fluent", "descript": "破解结果为空或出现error", "site": "iqiyi", "datetime": "2016-05-04 01:09:21"}
[2016-05-04 01:09:21,785](INFO)k_iqiyi : {"code": "", "from": "expires", "level": "debug", "format": "normal", "descript": "破解结果为空或出现error", "site": "iqiyi", "datetime": "2016-05-04 01:09:21"}
[2016-05-04 01:09:21,787](INFO)k_iqiyi : {"code": "", "from": "expires", "level": "debug", "format": "high", "descript": "破解结果为空或出现error", "site": "iqiyi", "datetime": "2016-05-04 01:09:21"}
[2016-05-04 01:09:21,788](INFO)k_iqiyi : {"code": "", "from": "expires", "level": "debug", "format": "super", "descript": "破解结果为空或出现error", "site": "iqiyi", "datetime": "2016-05-04 01:09:21"}
[2016-05-04 01:09:21,789](INFO)k_iqiyi : {"code": "", "from": "expires", "level": "debug", "format": "original", "descript": "破解结果为空或出现error", "site": "iqiyi", "datetime": "2016-05-04 01:09:21"}
[2016-05-04 03:34:35,155](INFO)k_iqiyi : {"code": "", "from": "expires", "level": "debug", "format": "fluent", "descript": "破解结果为空或出现error", "site": "iqiyi", "datetime": "2016-05-04 03:34:35"}
[2016-05-04 03:34:35,157](INFO)k_iqiyi : {"code": "", "from": "expires", "level": "debug", "format": "normal", "descript": "破解结果为空或出现error", "site": "iqiyi", "datetime": "2016-05-04 03:34:35"}
[2016-05-04 03:34:35,158](INFO)k_iqiyi : {"code": "", "from": "expires", "level": "debug", "format": "high", "descript": "破解结果为空或出现error", "site": "iqiyi", "datetime": "2016-05-04 03:34:35"}
[2016-05-04 03:34:35,159](INFO)k_iqiyi : {"code": "", "from": "expires", "level": "debug", "format": "super", "descript": "破解结果为空或出现error", "site": "iqiyi", "datetime": "2016-05-04 03:34:35"}
[2016-05-04 03:34:35,160](INFO)k_iqiyi : {"code": "", "from": "expires", "level": "debug", "format": "original", "descript": "破解结果为空或出现error", "site": "iqiyi", "datetime": "2016-05-04 03:34:35"}
[2016-05-04 05:25:59,930](INFO)k_iqiyi : {"code": "", "from": "expires", "level": "debug", "format": "fluent", "descript": "破解结果为空或出现error", "site": "iqiyi", "datetime": "2016-05-04 05:25:59"}
[2016-05-04 05:25:59,931](INFO)k_iqiyi : {"code": "", "from": "expires", "level": "debug", "format": "normal", "descript": "破解结果为空或出现error", "site": "iqiyi", "datetime": "2016-05-04 05:25:59"}
[2016-05-04 05:25:59,933](INFO)k_iqiyi : {"code": "", "from": "expires", "level": "debug", "format": "high", "descript": "破解结果为空或出现error", "site": "iqiyi", "datetime": "2016-05-04 05:25:59"}
[2016-05-04 05:25:59,934](INFO)k_iqiyi : {"code": "", "from": "expires", "level": "debug", "format": "super", "descript": "破解结果为空或出现error", "site": "iqiyi", "datetime": "2016-05-04 05:25:59"}
[2016-05-04 05:25:59,935](INFO)k_iqiyi : {"code": "", "from": "expires", "level": "debug", "format": "original", "descript": "破解结果为空或出现error", "site": "iqiyi", "datetime": "2016-05-04 05:25:59"}
[2016-05-04 07:30:41,279](INFO)k_iqiyi : {"code": "", "from": "expires", "level": "debug", "format": "fluent", "descript": "破解结果为空或出现error", "site": "iqiyi", "datetime": "2016-05-04 07:30:41"}
[2016-05-04 07:30:41,280](INFO)k_iqiyi : {"code": "", "from": "expires", "level": "debug", "format": "normal", "descript": "破解结果为空或出现error", "site": "iqiyi", "datetime": "2016-05-04 07:30:41"}
[2016-05-04 07:30:41,282](INFO)k_iqiyi : {"code": "", "from": "expires", "level": "debug", "format": "high", "descript": "破解结果为空或出现error", "site": "iqiyi", "datetime": "2016-05-04 07:30:41"}
[2016-05-04 07:30:41,283](INFO)k_iqiyi : {"code": "", "from": "expires", "level": "debug", "format": "super", "descript": "破解结果为空或出现error", "site": "iqiyi", "datetime": "2016-05-04 07:30:41"}
[2016-05-04 07:30:41,284](INFO)k_iqiyi : {"code": "", "from": "expires", "level": "debug", "format": "original", "descript": "破解结果为空或出现error", "site": "iqiyi", "datetime": "2016-05-04 07:30:41"}
