[2016-05-03 11:13:52,277](INFO)k_wasu : {"code": "", "from": "expires", "level": "debug", "format": "fluent", "descript": "破解结果不包含给定的format", "site": "wasu", "datetime": "2016-05-03 11:13:52"}
[2016-05-03 11:13:52,999](INFO)k_wasu : {"code": "http://vodfree-cnc.wasu.cn/201605031118/4a53acf26827d21094c6ddd83763ebff/pcsan09/mams/vod/201508/21/13/201508211356153875d1e1534_6dbd5fb8.mp4?version=SWFPlayer_V.4.1.0&vid=6428315", "from": "expires", "level": "debug", "format": "normal", "descript": "记录当前检测的URL", "site": "wasu", "datetime": "2016-05-03 11:13:52"}
[2016-05-03 11:13:54,136](INFO)k_wasu : {"code": "403", "from": "expires", "level": "debug", "format": "normal", "descript": "", "site": "wasu", "datetime": "2016-05-03 11:13:54"}
[2016-05-03 11:13:59,224](INFO)k_wasu : {"code": "403", "from": "expires", "level": "debug", "format": "normal", "descript": "", "site": "wasu", "datetime": "2016-05-03 11:13:59"}
[2016-05-03 11:14:07,332](INFO)k_wasu : {"code": "403", "from": "expires", "level": "debug", "format": "normal", "descript": "", "site": "wasu", "datetime": "2016-05-03 11:14:07"}
[2016-05-03 11:14:07,332](INFO)k_wasu : {"code": "", "from": "expires", "level": "debug", "format": "normal", "descript": "连接3次无法从破解地址获取数据", "site": "wasu", "datetime": "2016-05-03 11:14:07"}
[2016-05-03 11:14:07,689](INFO)k_wasu : {"code": "http://vodfree-cnc.wasu.cn/201605031117/272702b27efb52ed6c53351ad82aea1e/pcsan09/mams/vod/201508/21/13/20150821135612163ab234402_974ff84d.mp4?version=SWFPlayer_V.4.1.0&vid=6428315", "from": "expires", "level": "debug", "format": "high", "descript": "记录当前检测的URL", "site": "wasu", "datetime": "2016-05-03 11:14:07"}
[2016-05-03 11:14:07,765](INFO)k_wasu : {"code": "403", "from": "expires", "level": "debug", "format": "high", "descript": "", "site": "wasu", "datetime": "2016-05-03 11:14:07"}
[2016-05-03 11:14:12,851](INFO)k_wasu : {"code": "403", "from": "expires", "level": "debug", "format": "high", "descript": "", "site": "wasu", "datetime": "2016-05-03 11:14:12"}
[2016-05-03 11:14:20,937](INFO)k_wasu : {"code": "403", "from": "expires", "level": "debug", "format": "high", "descript": "", "site": "wasu", "datetime": "2016-05-03 11:14:20"}
[2016-05-03 11:14:20,938](INFO)k_wasu : {"code": "", "from": "expires", "level": "debug", "format": "high", "descript": "连接3次无法从破解地址获取数据", "site": "wasu", "datetime": "2016-05-03 11:14:20"}
[2016-05-03 11:14:21,161](INFO)k_wasu : {"code": "http://vodfree-cnc.wasu.cn/201605031118/309165e94c018cb0afa9bd1062092410/pcsan09/mams/vod/201508/21/13/2015082113562961009d8bfa0_bb930f9c.mp4?version=SWFPlayer_V.4.1.0&vid=6428315", "from": "expires", "level": "debug", "format": "super", "descript": "记录当前检测的URL", "site": "wasu", "datetime": "2016-05-03 11:14:21"}
[2016-05-03 11:14:21,244](INFO)k_wasu : {"code": "403", "from": "expires", "level": "debug", "format": "super", "descript": "", "site": "wasu", "datetime": "2016-05-03 11:14:21"}
[2016-05-03 11:14:26,334](INFO)k_wasu : {"code": "403", "from": "expires", "level": "debug", "format": "super", "descript": "", "site": "wasu", "datetime": "2016-05-03 11:14:26"}
[2016-05-03 11:14:34,418](INFO)k_wasu : {"code": "403", "from": "expires", "level": "debug", "format": "super", "descript": "", "site": "wasu", "datetime": "2016-05-03 11:14:34"}
[2016-05-03 11:14:34,418](INFO)k_wasu : {"code": "", "from": "expires", "level": "error", "format": "super", "descript": "连接3次无法从破解地址获取数据", "site": "wasu", "datetime": "2016-05-03 11:14:34"}
[2016-05-03 11:14:34,913](INFO)k_wasu : {"code": "", "from": "expires", "level": "debug", "format": "original", "descript": "破解结果不包含给定的format", "site": "wasu", "datetime": "2016-05-03 11:14:34"}
[2016-05-03 13:33:42,055](INFO)k_wasu : {"code": "", "from": "expires", "level": "debug", "format": "fluent", "descript": "破解结果不包含给定的format", "site": "wasu", "datetime": "2016-05-03 13:33:42"}
[2016-05-03 13:33:42,665](INFO)k_wasu : {"code": "http://vodfree-cnc.wasu.cn/201605031337/9f8a8f9b17241a60114b66f1c87e3937/pcsan09/mams/vod/201508/21/13/201508211356153875d1e1534_6dbd5fb8.mp4?version=SWFPlayer_V.4.1.0&vid=6428315", "from": "expires", "level": "debug", "format": "normal", "descript": "记录当前检测的URL", "site": "wasu", "datetime": "2016-05-03 13:33:42"}
[2016-05-03 13:33:43,851](INFO)k_wasu : {"code": "403", "from": "expires", "level": "debug", "format": "normal", "descript": "", "site": "wasu", "datetime": "2016-05-03 13:33:43"}
[2016-05-03 13:33:48,939](INFO)k_wasu : {"code": "403", "from": "expires", "level": "debug", "format": "normal", "descript": "", "site": "wasu", "datetime": "2016-05-03 13:33:48"}
[2016-05-03 13:33:57,006](INFO)k_wasu : {"code": "403", "from": "expires", "level": "debug", "format": "normal", "descript": "", "site": "wasu", "datetime": "2016-05-03 13:33:57"}
[2016-05-03 13:33:57,006](INFO)k_wasu : {"code": "", "from": "expires", "level": "debug", "format": "normal", "descript": "连接3次无法从破解地址获取数据", "site": "wasu", "datetime": "2016-05-03 13:33:57"}
[2016-05-03 13:33:57,170](INFO)k_wasu : {"code": "http://vodfree-cnc.wasu.cn/201605031337/856d6b7814cebedcbc60dd73ed83a204/pcsan09/mams/vod/201508/21/13/20150821135612163ab234402_974ff84d.mp4?version=SWFPlayer_V.4.1.0&vid=6428315", "from": "expires", "level": "debug", "format": "high", "descript": "记录当前检测的URL", "site": "wasu", "datetime": "2016-05-03 13:33:57"}
[2016-05-03 13:33:57,256](INFO)k_wasu : {"code": "403", "from": "expires", "level": "debug", "format": "high", "descript": "", "site": "wasu", "datetime": "2016-05-03 13:33:57"}
[2016-05-03 13:34:02,332](INFO)k_wasu : {"code": "403", "from": "expires", "level": "debug", "format": "high", "descript": "", "site": "wasu", "datetime": "2016-05-03 13:34:02"}
[2016-05-03 13:34:10,423](INFO)k_wasu : {"code": "403", "from": "expires", "level": "debug", "format": "high", "descript": "", "site": "wasu", "datetime": "2016-05-03 13:34:10"}
[2016-05-03 13:34:10,424](INFO)k_wasu : {"code": "", "from": "expires", "level": "debug", "format": "high", "descript": "连接3次无法从破解地址获取数据", "site": "wasu", "datetime": "2016-05-03 13:34:10"}
[2016-05-03 13:34:10,592](INFO)k_wasu : {"code": "http://vodfree-cnc.wasu.cn/201605031337/a3413157ee6888c0b7565661ee30c56a/pcsan09/mams/vod/201508/21/13/2015082113562961009d8bfa0_bb930f9c.mp4?version=SWFPlayer_V.4.1.0&vid=6428315", "from": "expires", "level": "debug", "format": "super", "descript": "记录当前检测的URL", "site": "wasu", "datetime": "2016-05-03 13:34:10"}
[2016-05-03 13:34:10,661](INFO)k_wasu : {"code": "403", "from": "expires", "level": "debug", "format": "super", "descript": "", "site": "wasu", "datetime": "2016-05-03 13:34:10"}
[2016-05-03 13:34:15,745](INFO)k_wasu : {"code": "403", "from": "expires", "level": "debug", "format": "super", "descript": "", "site": "wasu", "datetime": "2016-05-03 13:34:15"}
[2016-05-03 13:34:23,821](INFO)k_wasu : {"code": "403", "from": "expires", "level": "debug", "format": "super", "descript": "", "site": "wasu", "datetime": "2016-05-03 13:34:23"}
[2016-05-03 13:34:23,822](INFO)k_wasu : {"code": "", "from": "expires", "level": "error", "format": "super", "descript": "连接3次无法从破解地址获取数据", "site": "wasu", "datetime": "2016-05-03 13:34:23"}
[2016-05-03 13:34:32,506](INFO)k_wasu : {"code": "", "from": "expires", "level": "debug", "format": "original", "descript": "破解结果不包含给定的format", "site": "wasu", "datetime": "2016-05-03 13:34:32"}
[2016-05-03 15:33:08,279](INFO)k_wasu : {"code": "", "from": "expires", "level": "debug", "format": "fluent", "descript": "破解结果不包含给定的format", "site": "wasu", "datetime": "2016-05-03 15:33:08"}
[2016-05-03 15:33:08,750](INFO)k_wasu : {"code": "http://vodfree-cnc.wasu.cn/201605031537/f9852d2c2c25ae52f4ae463912286f16/pcsan09/mams/vod/201508/21/13/201508211356153875d1e1534_6dbd5fb8.mp4?version=SWFPlayer_V.4.1.0&vid=6428315", "from": "expires", "level": "debug", "format": "normal", "descript": "记录当前检测的URL", "site": "wasu", "datetime": "2016-05-03 15:33:08"}
[2016-05-03 15:33:09,966](INFO)k_wasu : {"code": "403", "from": "expires", "level": "debug", "format": "normal", "descript": "", "site": "wasu", "datetime": "2016-05-03 15:33:09"}
[2016-05-03 15:33:15,053](INFO)k_wasu : {"code": "403", "from": "expires", "level": "debug", "format": "normal", "descript": "", "site": "wasu", "datetime": "2016-05-03 15:33:15"}
[2016-05-03 15:33:23,142](INFO)k_wasu : {"code": "403", "from": "expires", "level": "debug", "format": "normal", "descript": "", "site": "wasu", "datetime": "2016-05-03 15:33:23"}
[2016-05-03 15:33:23,143](INFO)k_wasu : {"code": "", "from": "expires", "level": "debug", "format": "normal", "descript": "连接3次无法从破解地址获取数据", "site": "wasu", "datetime": "2016-05-03 15:33:23"}
[2016-05-03 15:33:23,887](INFO)k_wasu : {"code": "http://vodfree-cnc.wasu.cn/201605031537/f0c3ab5add4ae3afdf26a45f1b4fdb32/pcsan09/mams/vod/201508/21/13/20150821135612163ab234402_974ff84d.mp4?version=SWFPlayer_V.4.1.0&vid=6428315", "from": "expires", "level": "debug", "format": "high", "descript": "记录当前检测的URL", "site": "wasu", "datetime": "2016-05-03 15:33:23"}
[2016-05-03 15:33:23,975](INFO)k_wasu : {"code": "403", "from": "expires", "level": "debug", "format": "high", "descript": "", "site": "wasu", "datetime": "2016-05-03 15:33:23"}
[2016-05-03 15:33:29,040](INFO)k_wasu : {"code": "403", "from": "expires", "level": "debug", "format": "high", "descript": "", "site": "wasu", "datetime": "2016-05-03 15:33:29"}
[2016-05-03 15:33:37,112](INFO)k_wasu : {"code": "403", "from": "expires", "level": "debug", "format": "high", "descript": "", "site": "wasu", "datetime": "2016-05-03 15:33:37"}
[2016-05-03 15:33:37,113](INFO)k_wasu : {"code": "", "from": "expires", "level": "debug", "format": "high", "descript": "连接3次无法从破解地址获取数据", "site": "wasu", "datetime": "2016-05-03 15:33:37"}
[2016-05-03 15:33:37,275](INFO)k_wasu : {"code": "http://vodfree-cnc.wasu.cn/201605031537/7b2a9a15fb6cdd8264b0c6708775c74d/pcsan09/mams/vod/201508/21/13/2015082113562961009d8bfa0_bb930f9c.mp4?version=SWFPlayer_V.4.1.0&vid=6428315", "from": "expires", "level": "debug", "format": "super", "descript": "记录当前检测的URL", "site": "wasu", "datetime": "2016-05-03 15:33:37"}
[2016-05-03 15:33:37,362](INFO)k_wasu : {"code": "403", "from": "expires", "level": "debug", "format": "super", "descript": "", "site": "wasu", "datetime": "2016-05-03 15:33:37"}
[2016-05-03 15:33:42,451](INFO)k_wasu : {"code": "403", "from": "expires", "level": "debug", "format": "super", "descript": "", "site": "wasu", "datetime": "2016-05-03 15:33:42"}
[2016-05-03 15:33:50,734](INFO)k_wasu : {"code": "403", "from": "expires", "level": "debug", "format": "super", "descript": "", "site": "wasu", "datetime": "2016-05-03 15:33:50"}
[2016-05-03 15:33:50,734](INFO)k_wasu : {"code": "", "from": "expires", "level": "error", "format": "super", "descript": "连接3次无法从破解地址获取数据", "site": "wasu", "datetime": "2016-05-03 15:33:50"}
[2016-05-03 15:33:51,346](INFO)k_wasu : {"code": "", "from": "expires", "level": "debug", "format": "original", "descript": "破解结果不包含给定的format", "site": "wasu", "datetime": "2016-05-03 15:33:51"}
[2016-05-03 17:05:39,584](INFO)k_wasu : {"code": "", "from": "expires", "level": "debug", "format": "fluent", "descript": "破解结果不包含给定的format", "site": "wasu", "datetime": "2016-05-03 17:05:39"}
[2016-05-03 17:05:40,135](INFO)k_wasu : {"code": "http://vodfree-cnc.wasu.cn/201605031709/5b234351a7dfcc7b578944d0e8e4728a/pcsan09/mams/vod/201508/21/13/201508211356153875d1e1534_6dbd5fb8.mp4?version=SWFPlayer_V.4.1.0&vid=6428315", "from": "expires", "level": "debug", "format": "normal", "descript": "记录当前检测的URL", "site": "wasu", "datetime": "2016-05-03 17:05:40"}
[2016-05-03 17:05:41,260](INFO)k_wasu : {"code": "403", "from": "expires", "level": "debug", "format": "normal", "descript": "", "site": "wasu", "datetime": "2016-05-03 17:05:41"}
[2016-05-03 17:05:46,334](INFO)k_wasu : {"code": "403", "from": "expires", "level": "debug", "format": "normal", "descript": "", "site": "wasu", "datetime": "2016-05-03 17:05:46"}
[2016-05-03 17:05:54,412](INFO)k_wasu : {"code": "403", "from": "expires", "level": "debug", "format": "normal", "descript": "", "site": "wasu", "datetime": "2016-05-03 17:05:54"}
[2016-05-03 17:05:54,413](INFO)k_wasu : {"code": "", "from": "expires", "level": "debug", "format": "normal", "descript": "连接3次无法从破解地址获取数据", "site": "wasu", "datetime": "2016-05-03 17:05:54"}
[2016-05-03 17:05:54,851](INFO)k_wasu : {"code": "http://vodfree-cnc.wasu.cn/201605031709/6c7fee4cc6705f9dda5388225eba32f4/pcsan09/mams/vod/201508/21/13/20150821135612163ab234402_974ff84d.mp4?version=SWFPlayer_V.4.1.0&vid=6428315", "from": "expires", "level": "debug", "format": "high", "descript": "记录当前检测的URL", "site": "wasu", "datetime": "2016-05-03 17:05:54"}
[2016-05-03 17:05:54,962](INFO)k_wasu : {"code": "403", "from": "expires", "level": "debug", "format": "high", "descript": "", "site": "wasu", "datetime": "2016-05-03 17:05:54"}
[2016-05-03 17:06:00,043](INFO)k_wasu : {"code": "403", "from": "expires", "level": "debug", "format": "high", "descript": "", "site": "wasu", "datetime": "2016-05-03 17:06:00"}
[2016-05-03 17:06:08,139](INFO)k_wasu : {"code": "403", "from": "expires", "level": "debug", "format": "high", "descript": "", "site": "wasu", "datetime": "2016-05-03 17:06:08"}
[2016-05-03 17:06:08,139](INFO)k_wasu : {"code": "", "from": "expires", "level": "debug", "format": "high", "descript": "连接3次无法从破解地址获取数据", "site": "wasu", "datetime": "2016-05-03 17:06:08"}
[2016-05-03 17:06:08,340](INFO)k_wasu : {"code": "http://vodfree-cnc.wasu.cn/201605031709/e438d2731dfc091058f7a3c2c98d3b1f/pcsan09/mams/vod/201508/21/13/2015082113562961009d8bfa0_bb930f9c.mp4?version=SWFPlayer_V.4.1.0&vid=6428315", "from": "expires", "level": "debug", "format": "super", "descript": "记录当前检测的URL", "site": "wasu", "datetime": "2016-05-03 17:06:08"}
[2016-05-03 17:06:08,423](INFO)k_wasu : {"code": "403", "from": "expires", "level": "debug", "format": "super", "descript": "", "site": "wasu", "datetime": "2016-05-03 17:06:08"}
[2016-05-03 17:06:13,489](INFO)k_wasu : {"code": "403", "from": "expires", "level": "debug", "format": "super", "descript": "", "site": "wasu", "datetime": "2016-05-03 17:06:13"}
[2016-05-03 17:06:21,580](INFO)k_wasu : {"code": "403", "from": "expires", "level": "debug", "format": "super", "descript": "", "site": "wasu", "datetime": "2016-05-03 17:06:21"}
[2016-05-03 17:06:21,580](INFO)k_wasu : {"code": "", "from": "expires", "level": "error", "format": "super", "descript": "连接3次无法从破解地址获取数据", "site": "wasu", "datetime": "2016-05-03 17:06:21"}
[2016-05-03 17:06:26,757](INFO)k_wasu : {"code": "", "from": "expires", "level": "debug", "format": "original", "descript": "破解结果不包含给定的format", "site": "wasu", "datetime": "2016-05-03 17:06:26"}
[2016-05-03 20:01:39,275](INFO)k_wasu : {"code": "", "from": "expires", "level": "debug", "format": "fluent", "descript": "破解结果不包含给定的format", "site": "wasu", "datetime": "2016-05-03 20:01:39"}
[2016-05-03 20:01:41,348](INFO)k_wasu : {"code": "http://vodfree-cnc.wasu.cn/201605032005/a973bcf89c064c550ecd7d4eafc4b1f1/pcsan09/mams/vod/201508/21/13/201508211356153875d1e1534_6dbd5fb8.mp4?version=SWFPlayer_V.4.1.0&vid=6428315", "from": "expires", "level": "debug", "format": "normal", "descript": "记录当前检测的URL", "site": "wasu", "datetime": "2016-05-03 20:01:41"}
[2016-05-03 20:01:42,444](INFO)k_wasu : {"code": "403", "from": "expires", "level": "debug", "format": "normal", "descript": "", "site": "wasu", "datetime": "2016-05-03 20:01:42"}
[2016-05-03 20:01:47,515](INFO)k_wasu : {"code": "403", "from": "expires", "level": "debug", "format": "normal", "descript": "", "site": "wasu", "datetime": "2016-05-03 20:01:47"}
[2016-05-03 20:01:55,596](INFO)k_wasu : {"code": "403", "from": "expires", "level": "debug", "format": "normal", "descript": "", "site": "wasu", "datetime": "2016-05-03 20:01:55"}
[2016-05-03 20:01:55,597](INFO)k_wasu : {"code": "", "from": "expires", "level": "debug", "format": "normal", "descript": "连接3次无法从破解地址获取数据", "site": "wasu", "datetime": "2016-05-03 20:01:55"}
[2016-05-03 20:01:55,825](INFO)k_wasu : {"code": "http://vodfree-cnc.wasu.cn/201605032005/8a555622dafb529c9c803663f5214072/pcsan09/mams/vod/201508/21/13/20150821135612163ab234402_974ff84d.mp4?version=SWFPlayer_V.4.1.0&vid=6428315", "from": "expires", "level": "debug", "format": "high", "descript": "记录当前检测的URL", "site": "wasu", "datetime": "2016-05-03 20:01:55"}
[2016-05-03 20:01:55,911](INFO)k_wasu : {"code": "403", "from": "expires", "level": "debug", "format": "high", "descript": "", "site": "wasu", "datetime": "2016-05-03 20:01:55"}
[2016-05-03 20:02:01,003](INFO)k_wasu : {"code": "403", "from": "expires", "level": "debug", "format": "high", "descript": "", "site": "wasu", "datetime": "2016-05-03 20:02:01"}
[2016-05-03 20:02:09,087](INFO)k_wasu : {"code": "403", "from": "expires", "level": "debug", "format": "high", "descript": "", "site": "wasu", "datetime": "2016-05-03 20:02:09"}
[2016-05-03 20:02:09,087](INFO)k_wasu : {"code": "", "from": "expires", "level": "debug", "format": "high", "descript": "连接3次无法从破解地址获取数据", "site": "wasu", "datetime": "2016-05-03 20:02:09"}
[2016-05-03 20:02:09,258](INFO)k_wasu : {"code": "http://vodfree-cnc.wasu.cn/201605032005/abbb4efaacc9a39a5f2b74fd6af60c01/pcsan09/mams/vod/201508/21/13/2015082113562961009d8bfa0_bb930f9c.mp4?version=SWFPlayer_V.4.1.0&vid=6428315", "from": "expires", "level": "debug", "format": "super", "descript": "记录当前检测的URL", "site": "wasu", "datetime": "2016-05-03 20:02:09"}
[2016-05-03 20:02:09,330](INFO)k_wasu : {"code": "403", "from": "expires", "level": "debug", "format": "super", "descript": "", "site": "wasu", "datetime": "2016-05-03 20:02:09"}
[2016-05-03 20:02:14,420](INFO)k_wasu : {"code": "403", "from": "expires", "level": "debug", "format": "super", "descript": "", "site": "wasu", "datetime": "2016-05-03 20:02:14"}
[2016-05-03 20:02:22,528](INFO)k_wasu : {"code": "403", "from": "expires", "level": "debug", "format": "super", "descript": "", "site": "wasu", "datetime": "2016-05-03 20:02:22"}
[2016-05-03 20:02:22,529](INFO)k_wasu : {"code": "", "from": "expires", "level": "error", "format": "super", "descript": "连接3次无法从破解地址获取数据", "site": "wasu", "datetime": "2016-05-03 20:02:22"}
[2016-05-03 20:02:27,742](INFO)k_wasu : {"code": "", "from": "expires", "level": "debug", "format": "original", "descript": "破解结果不包含给定的format", "site": "wasu", "datetime": "2016-05-03 20:02:27"}
[2016-05-03 21:35:25,410](INFO)k_wasu : {"code": "", "from": "expires", "level": "debug", "format": "fluent", "descript": "破解结果不包含给定的format", "site": "wasu", "datetime": "2016-05-03 21:35:25"}
[2016-05-03 21:35:26,334](INFO)k_wasu : {"code": "http://vodfree-cnc.wasu.cn/201605032139/36897ccb7338b07948387f2c4dc2d0a1/pcsan09/mams/vod/201508/21/13/201508211356153875d1e1534_6dbd5fb8.mp4?version=SWFPlayer_V.4.1.0&vid=6428315", "from": "expires", "level": "debug", "format": "normal", "descript": "记录当前检测的URL", "site": "wasu", "datetime": "2016-05-03 21:35:26"}
[2016-05-03 21:35:27,507](INFO)k_wasu : {"code": "403", "from": "expires", "level": "debug", "format": "normal", "descript": "", "site": "wasu", "datetime": "2016-05-03 21:35:27"}
[2016-05-03 21:35:32,575](INFO)k_wasu : {"code": "403", "from": "expires", "level": "debug", "format": "normal", "descript": "", "site": "wasu", "datetime": "2016-05-03 21:35:32"}
[2016-05-03 21:35:40,660](INFO)k_wasu : {"code": "403", "from": "expires", "level": "debug", "format": "normal", "descript": "", "site": "wasu", "datetime": "2016-05-03 21:35:40"}
[2016-05-03 21:35:40,668](INFO)k_wasu : {"code": "", "from": "expires", "level": "debug", "format": "normal", "descript": "连接3次无法从破解地址获取数据", "site": "wasu", "datetime": "2016-05-03 21:35:40"}
[2016-05-03 21:35:40,835](INFO)k_wasu : {"code": "http://vodfree-cnc.wasu.cn/201605032139/f032de3b7b81890063d165d93af0ae44/pcsan09/mams/vod/201508/21/13/20150821135612163ab234402_974ff84d.mp4?version=SWFPlayer_V.4.1.0&vid=6428315", "from": "expires", "level": "debug", "format": "high", "descript": "记录当前检测的URL", "site": "wasu", "datetime": "2016-05-03 21:35:40"}
[2016-05-03 21:35:40,918](INFO)k_wasu : {"code": "403", "from": "expires", "level": "debug", "format": "high", "descript": "", "site": "wasu", "datetime": "2016-05-03 21:35:40"}
[2016-05-03 21:35:50,239](INFO)k_wasu : {"code": "403", "from": "expires", "level": "debug", "format": "high", "descript": "", "site": "wasu", "datetime": "2016-05-03 21:35:50"}
[2016-05-03 21:35:58,326](INFO)k_wasu : {"code": "403", "from": "expires", "level": "debug", "format": "high", "descript": "", "site": "wasu", "datetime": "2016-05-03 21:35:58"}
[2016-05-03 21:35:58,327](INFO)k_wasu : {"code": "", "from": "expires", "level": "debug", "format": "high", "descript": "连接3次无法从破解地址获取数据", "site": "wasu", "datetime": "2016-05-03 21:35:58"}
[2016-05-03 21:35:58,517](INFO)k_wasu : {"code": "http://vodfree-cnc.wasu.cn/201605032139/df83c4747a6720346bcbe7f417341690/pcsan09/mams/vod/201508/21/13/2015082113562961009d8bfa0_bb930f9c.mp4?version=SWFPlayer_V.4.1.0&vid=6428315", "from": "expires", "level": "debug", "format": "super", "descript": "记录当前检测的URL", "site": "wasu", "datetime": "2016-05-03 21:35:58"}
[2016-05-03 21:35:58,604](INFO)k_wasu : {"code": "403", "from": "expires", "level": "debug", "format": "super", "descript": "", "site": "wasu", "datetime": "2016-05-03 21:35:58"}
[2016-05-03 21:36:03,686](INFO)k_wasu : {"code": "403", "from": "expires", "level": "debug", "format": "super", "descript": "", "site": "wasu", "datetime": "2016-05-03 21:36:03"}
[2016-05-03 21:36:11,776](INFO)k_wasu : {"code": "403", "from": "expires", "level": "debug", "format": "super", "descript": "", "site": "wasu", "datetime": "2016-05-03 21:36:11"}
[2016-05-03 21:36:11,777](INFO)k_wasu : {"code": "", "from": "expires", "level": "error", "format": "super", "descript": "连接3次无法从破解地址获取数据", "site": "wasu", "datetime": "2016-05-03 21:36:11"}
[2016-05-03 21:36:12,464](INFO)k_wasu : {"code": "", "from": "expires", "level": "debug", "format": "original", "descript": "破解结果不包含给定的format", "site": "wasu", "datetime": "2016-05-03 21:36:12"}
[2016-05-03 22:31:40,445](INFO)k_wasu : {"code": "", "from": "expires", "level": "debug", "format": "fluent", "descript": "破解结果不包含给定的format", "site": "wasu", "datetime": "2016-05-03 22:31:40"}
[2016-05-03 22:31:41,247](INFO)k_wasu : {"code": "http://vodfree-cnc.wasu.cn/201605032235/647dd59b9dc4d627822693364dbf86a9/pcsan09/mams/vod/201508/21/13/201508211356153875d1e1534_6dbd5fb8.mp4?version=SWFPlayer_V.4.1.0&vid=6428315", "from": "expires", "level": "debug", "format": "normal", "descript": "记录当前检测的URL", "site": "wasu", "datetime": "2016-05-03 22:31:41"}
[2016-05-03 22:31:42,380](INFO)k_wasu : {"code": "403", "from": "expires", "level": "debug", "format": "normal", "descript": "", "site": "wasu", "datetime": "2016-05-03 22:31:42"}
[2016-05-03 22:31:47,456](INFO)k_wasu : {"code": "403", "from": "expires", "level": "debug", "format": "normal", "descript": "", "site": "wasu", "datetime": "2016-05-03 22:31:47"}
[2016-05-03 22:31:55,531](INFO)k_wasu : {"code": "403", "from": "expires", "level": "debug", "format": "normal", "descript": "", "site": "wasu", "datetime": "2016-05-03 22:31:55"}
[2016-05-03 22:31:55,531](INFO)k_wasu : {"code": "", "from": "expires", "level": "debug", "format": "normal", "descript": "连接3次无法从破解地址获取数据", "site": "wasu", "datetime": "2016-05-03 22:31:55"}
[2016-05-03 22:31:55,691](INFO)k_wasu : {"code": "http://vodfree-cnc.wasu.cn/201605032235/833b264ef39837d37dc640f37284e7b2/pcsan09/mams/vod/201508/21/13/20150821135612163ab234402_974ff84d.mp4?version=SWFPlayer_V.4.1.0&vid=6428315", "from": "expires", "level": "debug", "format": "high", "descript": "记录当前检测的URL", "site": "wasu", "datetime": "2016-05-03 22:31:55"}
[2016-05-03 22:31:55,774](INFO)k_wasu : {"code": "403", "from": "expires", "level": "debug", "format": "high", "descript": "", "site": "wasu", "datetime": "2016-05-03 22:31:55"}
[2016-05-03 22:32:00,859](INFO)k_wasu : {"code": "403", "from": "expires", "level": "debug", "format": "high", "descript": "", "site": "wasu", "datetime": "2016-05-03 22:32:00"}
[2016-05-03 22:32:08,951](INFO)k_wasu : {"code": "403", "from": "expires", "level": "debug", "format": "high", "descript": "", "site": "wasu", "datetime": "2016-05-03 22:32:08"}
[2016-05-03 22:32:08,952](INFO)k_wasu : {"code": "", "from": "expires", "level": "debug", "format": "high", "descript": "连接3次无法从破解地址获取数据", "site": "wasu", "datetime": "2016-05-03 22:32:08"}
[2016-05-03 22:32:09,108](INFO)k_wasu : {"code": "http://vodfree-cnc.wasu.cn/201605032235/65b16128c063afa3ade694c3d9022e9f/pcsan09/mams/vod/201508/21/13/2015082113562961009d8bfa0_bb930f9c.mp4?version=SWFPlayer_V.4.1.0&vid=6428315", "from": "expires", "level": "debug", "format": "super", "descript": "记录当前检测的URL", "site": "wasu", "datetime": "2016-05-03 22:32:09"}
[2016-05-03 22:32:09,183](INFO)k_wasu : {"code": "403", "from": "expires", "level": "debug", "format": "super", "descript": "", "site": "wasu", "datetime": "2016-05-03 22:32:09"}
[2016-05-03 22:32:14,271](INFO)k_wasu : {"code": "403", "from": "expires", "level": "debug", "format": "super", "descript": "", "site": "wasu", "datetime": "2016-05-03 22:32:14"}
[2016-05-03 22:32:22,353](INFO)k_wasu : {"code": "403", "from": "expires", "level": "debug", "format": "super", "descript": "", "site": "wasu", "datetime": "2016-05-03 22:32:22"}
[2016-05-03 22:32:22,353](INFO)k_wasu : {"code": "", "from": "expires", "level": "error", "format": "super", "descript": "连接3次无法从破解地址获取数据", "site": "wasu", "datetime": "2016-05-03 22:32:22"}
[2016-05-03 22:32:31,502](INFO)k_wasu : {"code": "", "from": "expires", "level": "debug", "format": "original", "descript": "破解结果不包含给定的format", "site": "wasu", "datetime": "2016-05-03 22:32:31"}
[2016-05-04 01:17:25,005](INFO)k_wasu : {"code": "", "from": "expires", "level": "debug", "format": "fluent", "descript": "破解结果不包含给定的format", "site": "wasu", "datetime": "2016-05-04 01:17:25"}
[2016-05-04 01:17:25,474](INFO)k_wasu : {"code": "http://vodfree-cnc.wasu.cn/201605040121/13f051f898342bde752e481a8997fb88/pcsan09/mams/vod/201508/21/13/201508211356153875d1e1534_6dbd5fb8.mp4?version=SWFPlayer_V.4.1.0&vid=6428315", "from": "expires", "level": "debug", "format": "normal", "descript": "记录当前检测的URL", "site": "wasu", "datetime": "2016-05-04 01:17:25"}
[2016-05-04 01:17:26,586](INFO)k_wasu : {"code": "403", "from": "expires", "level": "debug", "format": "normal", "descript": "", "site": "wasu", "datetime": "2016-05-04 01:17:26"}
[2016-05-04 01:17:31,670](INFO)k_wasu : {"code": "403", "from": "expires", "level": "debug", "format": "normal", "descript": "", "site": "wasu", "datetime": "2016-05-04 01:17:31"}
[2016-05-04 01:17:39,736](INFO)k_wasu : {"code": "403", "from": "expires", "level": "debug", "format": "normal", "descript": "", "site": "wasu", "datetime": "2016-05-04 01:17:39"}
[2016-05-04 01:17:39,737](INFO)k_wasu : {"code": "", "from": "expires", "level": "debug", "format": "normal", "descript": "连接3次无法从破解地址获取数据", "site": "wasu", "datetime": "2016-05-04 01:17:39"}
[2016-05-04 01:17:39,893](INFO)k_wasu : {"code": "http://vodfree-cnc.wasu.cn/201605040121/6b4da8a8db14578dca69d2d7b377ac88/pcsan09/mams/vod/201508/21/13/20150821135612163ab234402_974ff84d.mp4?version=SWFPlayer_V.4.1.0&vid=6428315", "from": "expires", "level": "debug", "format": "high", "descript": "记录当前检测的URL", "site": "wasu", "datetime": "2016-05-04 01:17:39"}
[2016-05-04 01:17:39,973](INFO)k_wasu : {"code": "403", "from": "expires", "level": "debug", "format": "high", "descript": "", "site": "wasu", "datetime": "2016-05-04 01:17:39"}
[2016-05-04 01:17:45,059](INFO)k_wasu : {"code": "403", "from": "expires", "level": "debug", "format": "high", "descript": "", "site": "wasu", "datetime": "2016-05-04 01:17:45"}
[2016-05-04 01:17:53,139](INFO)k_wasu : {"code": "403", "from": "expires", "level": "debug", "format": "high", "descript": "", "site": "wasu", "datetime": "2016-05-04 01:17:53"}
[2016-05-04 01:17:53,139](INFO)k_wasu : {"code": "", "from": "expires", "level": "debug", "format": "high", "descript": "连接3次无法从破解地址获取数据", "site": "wasu", "datetime": "2016-05-04 01:17:53"}
[2016-05-04 01:17:53,297](INFO)k_wasu : {"code": "http://vodfree-cnc.wasu.cn/201605040121/499e6c1f39f877f50483c43bde924e4a/pcsan09/mams/vod/201508/21/13/2015082113562961009d8bfa0_bb930f9c.mp4?version=SWFPlayer_V.4.1.0&vid=6428315", "from": "expires", "level": "debug", "format": "super", "descript": "记录当前检测的URL", "site": "wasu", "datetime": "2016-05-04 01:17:53"}
[2016-05-04 01:17:53,385](INFO)k_wasu : {"code": "403", "from": "expires", "level": "debug", "format": "super", "descript": "", "site": "wasu", "datetime": "2016-05-04 01:17:53"}
[2016-05-04 01:17:58,460](INFO)k_wasu : {"code": "403", "from": "expires", "level": "debug", "format": "super", "descript": "", "site": "wasu", "datetime": "2016-05-04 01:17:58"}
[2016-05-04 01:18:06,545](INFO)k_wasu : {"code": "403", "from": "expires", "level": "debug", "format": "super", "descript": "", "site": "wasu", "datetime": "2016-05-04 01:18:06"}
[2016-05-04 01:18:06,546](INFO)k_wasu : {"code": "", "from": "expires", "level": "error", "format": "super", "descript": "连接3次无法从破解地址获取数据", "site": "wasu", "datetime": "2016-05-04 01:18:06"}
[2016-05-04 01:18:07,092](INFO)k_wasu : {"code": "", "from": "expires", "level": "debug", "format": "original", "descript": "破解结果不包含给定的format", "site": "wasu", "datetime": "2016-05-04 01:18:07"}
[2016-05-04 03:42:32,822](INFO)k_wasu : {"code": "", "from": "expires", "level": "debug", "format": "fluent", "descript": "破解结果不包含给定的format", "site": "wasu", "datetime": "2016-05-04 03:42:32"}
[2016-05-04 03:42:33,367](INFO)k_wasu : {"code": "http://vodfree-cnc.wasu.cn/201605040346/f39dd8e1233afdf5b7899bd78025d299/pcsan09/mams/vod/201508/21/13/201508211356153875d1e1534_6dbd5fb8.mp4?version=SWFPlayer_V.4.1.0&vid=6428315", "from": "expires", "level": "debug", "format": "normal", "descript": "记录当前检测的URL", "site": "wasu", "datetime": "2016-05-04 03:42:33"}
[2016-05-04 03:42:34,501](INFO)k_wasu : {"code": "403", "from": "expires", "level": "debug", "format": "normal", "descript": "", "site": "wasu", "datetime": "2016-05-04 03:42:34"}
[2016-05-04 03:42:39,583](INFO)k_wasu : {"code": "403", "from": "expires", "level": "debug", "format": "normal", "descript": "", "site": "wasu", "datetime": "2016-05-04 03:42:39"}
[2016-05-04 03:42:47,660](INFO)k_wasu : {"code": "403", "from": "expires", "level": "debug", "format": "normal", "descript": "", "site": "wasu", "datetime": "2016-05-04 03:42:47"}
[2016-05-04 03:42:47,660](INFO)k_wasu : {"code": "", "from": "expires", "level": "debug", "format": "normal", "descript": "连接3次无法从破解地址获取数据", "site": "wasu", "datetime": "2016-05-04 03:42:47"}
[2016-05-04 03:42:47,815](INFO)k_wasu : {"code": "http://vodfree-cnc.wasu.cn/201605040346/8fd1102dd7eb6d5cff01f7fec35957d1/pcsan09/mams/vod/201508/21/13/20150821135612163ab234402_974ff84d.mp4?version=SWFPlayer_V.4.1.0&vid=6428315", "from": "expires", "level": "debug", "format": "high", "descript": "记录当前检测的URL", "site": "wasu", "datetime": "2016-05-04 03:42:47"}
[2016-05-04 03:42:47,901](INFO)k_wasu : {"code": "403", "from": "expires", "level": "debug", "format": "high", "descript": "", "site": "wasu", "datetime": "2016-05-04 03:42:47"}
[2016-05-04 03:42:52,985](INFO)k_wasu : {"code": "403", "from": "expires", "level": "debug", "format": "high", "descript": "", "site": "wasu", "datetime": "2016-05-04 03:42:52"}
[2016-05-04 03:43:01,062](INFO)k_wasu : {"code": "403", "from": "expires", "level": "debug", "format": "high", "descript": "", "site": "wasu", "datetime": "2016-05-04 03:43:01"}
[2016-05-04 03:43:01,063](INFO)k_wasu : {"code": "", "from": "expires", "level": "debug", "format": "high", "descript": "连接3次无法从破解地址获取数据", "site": "wasu", "datetime": "2016-05-04 03:43:01"}
[2016-05-04 03:43:01,221](INFO)k_wasu : {"code": "http://vodfree-cnc.wasu.cn/201605040346/b77b0245a11fbc537353705ab40d27d7/pcsan09/mams/vod/201508/21/13/2015082113562961009d8bfa0_bb930f9c.mp4?version=SWFPlayer_V.4.1.0&vid=6428315", "from": "expires", "level": "debug", "format": "super", "descript": "记录当前检测的URL", "site": "wasu", "datetime": "2016-05-04 03:43:01"}
[2016-05-04 03:43:01,306](INFO)k_wasu : {"code": "403", "from": "expires", "level": "debug", "format": "super", "descript": "", "site": "wasu", "datetime": "2016-05-04 03:43:01"}
[2016-05-04 03:43:06,383](INFO)k_wasu : {"code": "403", "from": "expires", "level": "debug", "format": "super", "descript": "", "site": "wasu", "datetime": "2016-05-04 03:43:06"}
[2016-05-04 03:43:14,452](INFO)k_wasu : {"code": "403", "from": "expires", "level": "debug", "format": "super", "descript": "", "site": "wasu", "datetime": "2016-05-04 03:43:14"}
[2016-05-04 03:43:14,453](INFO)k_wasu : {"code": "", "from": "expires", "level": "error", "format": "super", "descript": "连接3次无法从破解地址获取数据", "site": "wasu", "datetime": "2016-05-04 03:43:14"}
[2016-05-04 03:43:19,799](INFO)k_wasu : {"code": "", "from": "expires", "level": "debug", "format": "original", "descript": "破解结果不包含给定的format", "site": "wasu", "datetime": "2016-05-04 03:43:19"}
[2016-05-04 05:33:34,170](INFO)k_wasu : {"code": "", "from": "expires", "level": "debug", "format": "fluent", "descript": "破解结果不包含给定的format", "site": "wasu", "datetime": "2016-05-04 05:33:34"}
[2016-05-04 05:33:36,060](INFO)k_wasu : {"code": "http://vodfree-cnc.wasu.cn/201605040537/29d5603a1fd586b36b9826c492c5f94a/pcsan09/mams/vod/201508/21/13/201508211356153875d1e1534_6dbd5fb8.mp4?version=SWFPlayer_V.4.1.0&vid=6428315", "from": "expires", "level": "debug", "format": "normal", "descript": "记录当前检测的URL", "site": "wasu", "datetime": "2016-05-04 05:33:36"}
[2016-05-04 05:33:36,696](INFO)k_wasu : {"code": "403", "from": "expires", "level": "debug", "format": "normal", "descript": "", "site": "wasu", "datetime": "2016-05-04 05:33:36"}
[2016-05-04 05:33:41,777](INFO)k_wasu : {"code": "403", "from": "expires", "level": "debug", "format": "normal", "descript": "", "site": "wasu", "datetime": "2016-05-04 05:33:41"}
[2016-05-04 05:33:49,863](INFO)k_wasu : {"code": "403", "from": "expires", "level": "debug", "format": "normal", "descript": "", "site": "wasu", "datetime": "2016-05-04 05:33:49"}
[2016-05-04 05:33:49,864](INFO)k_wasu : {"code": "", "from": "expires", "level": "debug", "format": "normal", "descript": "连接3次无法从破解地址获取数据", "site": "wasu", "datetime": "2016-05-04 05:33:49"}
[2016-05-04 05:33:50,033](INFO)k_wasu : {"code": "http://vodfree-cnc.wasu.cn/201605040537/a603b34fd8c0114517f113cca5adebfb/pcsan09/mams/vod/201508/21/13/20150821135612163ab234402_974ff84d.mp4?version=SWFPlayer_V.4.1.0&vid=6428315", "from": "expires", "level": "debug", "format": "high", "descript": "记录当前检测的URL", "site": "wasu", "datetime": "2016-05-04 05:33:50"}
[2016-05-04 05:33:50,115](INFO)k_wasu : {"code": "403", "from": "expires", "level": "debug", "format": "high", "descript": "", "site": "wasu", "datetime": "2016-05-04 05:33:50"}
[2016-05-04 05:33:55,209](INFO)k_wasu : {"code": "403", "from": "expires", "level": "debug", "format": "high", "descript": "", "site": "wasu", "datetime": "2016-05-04 05:33:55"}
[2016-05-04 05:34:03,290](INFO)k_wasu : {"code": "403", "from": "expires", "level": "debug", "format": "high", "descript": "", "site": "wasu", "datetime": "2016-05-04 05:34:03"}
[2016-05-04 05:34:03,291](INFO)k_wasu : {"code": "", "from": "expires", "level": "debug", "format": "high", "descript": "连接3次无法从破解地址获取数据", "site": "wasu", "datetime": "2016-05-04 05:34:03"}
[2016-05-04 05:34:03,453](INFO)k_wasu : {"code": "http://vodfree-cnc.wasu.cn/201605040537/a26bd1d7878727a0308d085ab2561c71/pcsan09/mams/vod/201508/21/13/2015082113562961009d8bfa0_bb930f9c.mp4?version=SWFPlayer_V.4.1.0&vid=6428315", "from": "expires", "level": "debug", "format": "super", "descript": "记录当前检测的URL", "site": "wasu", "datetime": "2016-05-04 05:34:03"}
[2016-05-04 05:34:03,535](INFO)k_wasu : {"code": "403", "from": "expires", "level": "debug", "format": "super", "descript": "", "site": "wasu", "datetime": "2016-05-04 05:34:03"}
[2016-05-04 05:34:08,611](INFO)k_wasu : {"code": "403", "from": "expires", "level": "debug", "format": "super", "descript": "", "site": "wasu", "datetime": "2016-05-04 05:34:08"}
[2016-05-04 05:34:16,693](INFO)k_wasu : {"code": "403", "from": "expires", "level": "debug", "format": "super", "descript": "", "site": "wasu", "datetime": "2016-05-04 05:34:16"}
[2016-05-04 05:34:16,694](INFO)k_wasu : {"code": "", "from": "expires", "level": "error", "format": "super", "descript": "连接3次无法从破解地址获取数据", "site": "wasu", "datetime": "2016-05-04 05:34:16"}
[2016-05-04 05:34:17,157](INFO)k_wasu : {"code": "", "from": "expires", "level": "debug", "format": "original", "descript": "破解结果不包含给定的format", "site": "wasu", "datetime": "2016-05-04 05:34:17"}
[2016-05-04 07:37:48,016](INFO)k_wasu : {"code": "", "from": "expires", "level": "debug", "format": "fluent", "descript": "破解结果不包含给定的format", "site": "wasu", "datetime": "2016-05-04 07:37:48"}
[2016-05-04 07:37:48,722](INFO)k_wasu : {"code": "http://vodfree-cnc.wasu.cn/201605040741/871a0fb9acabc6d758a566a9984d5c9e/pcsan09/mams/vod/201508/21/13/201508211356153875d1e1534_6dbd5fb8.mp4?version=SWFPlayer_V.4.1.0&vid=6428315", "from": "expires", "level": "debug", "format": "normal", "descript": "记录当前检测的URL", "site": "wasu", "datetime": "2016-05-04 07:37:48"}
[2016-05-04 07:37:48,867](INFO)k_wasu : {"code": "403", "from": "expires", "level": "debug", "format": "normal", "descript": "", "site": "wasu", "datetime": "2016-05-04 07:37:48"}
[2016-05-04 07:37:53,943](INFO)k_wasu : {"code": "403", "from": "expires", "level": "debug", "format": "normal", "descript": "", "site": "wasu", "datetime": "2016-05-04 07:37:53"}
[2016-05-04 07:38:02,033](INFO)k_wasu : {"code": "403", "from": "expires", "level": "debug", "format": "normal", "descript": "", "site": "wasu", "datetime": "2016-05-04 07:38:02"}
[2016-05-04 07:38:02,034](INFO)k_wasu : {"code": "", "from": "expires", "level": "debug", "format": "normal", "descript": "连接3次无法从破解地址获取数据", "site": "wasu", "datetime": "2016-05-04 07:38:02"}
[2016-05-04 07:38:02,194](INFO)k_wasu : {"code": "http://vodfree-cnc.wasu.cn/201605040741/807e27cb55eec0e203a4710c49515451/pcsan09/mams/vod/201508/21/13/20150821135612163ab234402_974ff84d.mp4?version=SWFPlayer_V.4.1.0&vid=6428315", "from": "expires", "level": "debug", "format": "high", "descript": "记录当前检测的URL", "site": "wasu", "datetime": "2016-05-04 07:38:02"}
[2016-05-04 07:38:02,282](INFO)k_wasu : {"code": "403", "from": "expires", "level": "debug", "format": "high", "descript": "", "site": "wasu", "datetime": "2016-05-04 07:38:02"}
[2016-05-04 07:38:07,377](INFO)k_wasu : {"code": "403", "from": "expires", "level": "debug", "format": "high", "descript": "", "site": "wasu", "datetime": "2016-05-04 07:38:07"}
[2016-05-04 07:38:15,468](INFO)k_wasu : {"code": "403", "from": "expires", "level": "debug", "format": "high", "descript": "", "site": "wasu", "datetime": "2016-05-04 07:38:15"}
[2016-05-04 07:38:15,468](INFO)k_wasu : {"code": "", "from": "expires", "level": "debug", "format": "high", "descript": "连接3次无法从破解地址获取数据", "site": "wasu", "datetime": "2016-05-04 07:38:15"}
[2016-05-04 07:38:15,621](INFO)k_wasu : {"code": "http://vodfree-cnc.wasu.cn/201605040741/6e4cd972261b5459a45ebd6cccc0ecad/pcsan09/mams/vod/201508/21/13/2015082113562961009d8bfa0_bb930f9c.mp4?version=SWFPlayer_V.4.1.0&vid=6428315", "from": "expires", "level": "debug", "format": "super", "descript": "记录当前检测的URL", "site": "wasu", "datetime": "2016-05-04 07:38:15"}
[2016-05-04 07:38:15,692](INFO)k_wasu : {"code": "403", "from": "expires", "level": "debug", "format": "super", "descript": "", "site": "wasu", "datetime": "2016-05-04 07:38:15"}
[2016-05-04 07:38:20,771](INFO)k_wasu : {"code": "403", "from": "expires", "level": "debug", "format": "super", "descript": "", "site": "wasu", "datetime": "2016-05-04 07:38:20"}
[2016-05-04 07:38:28,854](INFO)k_wasu : {"code": "403", "from": "expires", "level": "debug", "format": "super", "descript": "", "site": "wasu", "datetime": "2016-05-04 07:38:28"}
[2016-05-04 07:38:28,854](INFO)k_wasu : {"code": "", "from": "expires", "level": "error", "format": "super", "descript": "连接3次无法从破解地址获取数据", "site": "wasu", "datetime": "2016-05-04 07:38:28"}
[2016-05-04 07:38:29,332](INFO)k_wasu : {"code": "", "from": "expires", "level": "debug", "format": "original", "descript": "破解结果不包含给定的format", "site": "wasu", "datetime": "2016-05-04 07:38:29"}
