[2016-05-03 11:13:32,216](INFO)k_youku : {"code": "", "from": "expires", "level": "debug", "format": "fluent", "descript": "破解结果为空或出现error", "site": "youku", "datetime": "2016-05-03 11:13:32"}
[2016-05-03 11:13:32,281](INFO)k_youku : {"code": "", "from": "expires", "level": "debug", "format": "normal", "descript": "破解结果为空或出现error", "site": "youku", "datetime": "2016-05-03 11:13:32"}
[2016-05-03 11:13:32,346](INFO)k_youku : {"code": "", "from": "expires", "level": "debug", "format": "high", "descript": "破解结果为空或出现error", "site": "youku", "datetime": "2016-05-03 11:13:32"}
[2016-05-03 11:13:32,409](INFO)k_youku : {"code": "", "from": "expires", "level": "debug", "format": "super", "descript": "破解结果为空或出现error", "site": "youku", "datetime": "2016-05-03 11:13:32"}
[2016-05-03 11:13:32,477](INFO)k_youku : {"code": "", "from": "expires", "level": "debug", "format": "original", "descript": "破解结果为空或出现error", "site": "youku", "datetime": "2016-05-03 11:13:32"}
[2016-05-03 13:33:21,064](INFO)k_youku : {"code": "", "from": "expires", "level": "debug", "format": "fluent", "descript": "破解结果为空或出现error", "site": "youku", "datetime": "2016-05-03 13:33:21"}
[2016-05-03 13:33:21,128](INFO)k_youku : {"code": "", "from": "expires", "level": "debug", "format": "normal", "descript": "破解结果为空或出现error", "site": "youku", "datetime": "2016-05-03 13:33:21"}
[2016-05-03 13:33:21,193](INFO)k_youku : {"code": "", "from": "expires", "level": "debug", "format": "high", "descript": "破解结果为空或出现error", "site": "youku", "datetime": "2016-05-03 13:33:21"}
[2016-05-03 13:33:21,256](INFO)k_youku : {"code": "", "from": "expires", "level": "debug", "format": "super", "descript": "破解结果为空或出现error", "site": "youku", "datetime": "2016-05-03 13:33:21"}
[2016-05-03 13:33:21,317](INFO)k_youku : {"code": "", "from": "expires", "level": "debug", "format": "original", "descript": "破解结果为空或出现error", "site": "youku", "datetime": "2016-05-03 13:33:21"}
[2016-05-03 15:32:59,995](INFO)k_youku : {"code": "", "from": "expires", "level": "debug", "format": "fluent", "descript": "破解结果为空或出现error", "site": "youku", "datetime": "2016-05-03 15:32:59"}
[2016-05-03 15:33:00,062](INFO)k_youku : {"code": "", "from": "expires", "level": "debug", "format": "normal", "descript": "破解结果为空或出现error", "site": "youku", "datetime": "2016-05-03 15:33:00"}
[2016-05-03 15:33:00,127](INFO)k_youku : {"code": "", "from": "expires", "level": "debug", "format": "high", "descript": "破解结果为空或出现error", "site": "youku", "datetime": "2016-05-03 15:33:00"}
[2016-05-03 15:33:00,195](INFO)k_youku : {"code": "", "from": "expires", "level": "debug", "format": "super", "descript": "破解结果为空或出现error", "site": "youku", "datetime": "2016-05-03 15:33:00"}
[2016-05-03 15:33:00,256](INFO)k_youku : {"code": "", "from": "expires", "level": "debug", "format": "original", "descript": "破解结果为空或出现error", "site": "youku", "datetime": "2016-05-03 15:33:00"}
[2016-05-03 17:05:29,736](INFO)k_youku : {"code": "", "from": "expires", "level": "debug", "format": "fluent", "descript": "破解结果为空或出现error", "site": "youku", "datetime": "2016-05-03 17:05:29"}
[2016-05-03 17:05:29,802](INFO)k_youku : {"code": "", "from": "expires", "level": "debug", "format": "normal", "descript": "破解结果为空或出现error", "site": "youku", "datetime": "2016-05-03 17:05:29"}
[2016-05-03 17:05:29,866](INFO)k_youku : {"code": "", "from": "expires", "level": "debug", "format": "high", "descript": "破解结果为空或出现error", "site": "youku", "datetime": "2016-05-03 17:05:29"}
[2016-05-03 17:05:29,935](INFO)k_youku : {"code": "", "from": "expires", "level": "debug", "format": "super", "descript": "破解结果为空或出现error", "site": "youku", "datetime": "2016-05-03 17:05:29"}
[2016-05-03 17:05:30,002](INFO)k_youku : {"code": "", "from": "expires", "level": "debug", "format": "original", "descript": "破解结果为空或出现error", "site": "youku", "datetime": "2016-05-03 17:05:30"}
[2016-05-03 19:59:10,943](INFO)k_youku : {"code": "", "from": "expires", "level": "debug", "format": "fluent", "descript": "破解结果为空或出现error", "site": "youku", "datetime": "2016-05-03 19:59:10"}
[2016-05-03 19:59:11,001](INFO)k_youku : {"code": "", "from": "expires", "level": "debug", "format": "normal", "descript": "破解结果为空或出现error", "site": "youku", "datetime": "2016-05-03 19:59:11"}
[2016-05-03 19:59:11,067](INFO)k_youku : {"code": "", "from": "expires", "level": "debug", "format": "high", "descript": "破解结果为空或出现error", "site": "youku", "datetime": "2016-05-03 19:59:11"}
[2016-05-03 19:59:11,133](INFO)k_youku : {"code": "", "from": "expires", "level": "debug", "format": "super", "descript": "破解结果为空或出现error", "site": "youku", "datetime": "2016-05-03 19:59:11"}
[2016-05-03 19:59:11,200](INFO)k_youku : {"code": "", "from": "expires", "level": "debug", "format": "original", "descript": "破解结果为空或出现error", "site": "youku", "datetime": "2016-05-03 19:59:11"}
[2016-05-03 21:04:52,557](INFO)k_youku : {"code": "", "from": "expires", "level": "debug", "format": "fluent", "descript": "破解结果为空或出现error", "site": "youku", "datetime": "2016-05-03 21:04:52"}
[2016-05-03 21:04:52,631](INFO)k_youku : {"code": "", "from": "expires", "level": "debug", "format": "normal", "descript": "破解结果为空或出现error", "site": "youku", "datetime": "2016-05-03 21:04:52"}
[2016-05-03 21:04:52,695](INFO)k_youku : {"code": "", "from": "expires", "level": "debug", "format": "high", "descript": "破解结果为空或出现error", "site": "youku", "datetime": "2016-05-03 21:04:52"}
[2016-05-03 21:04:52,759](INFO)k_youku : {"code": "", "from": "expires", "level": "debug", "format": "super", "descript": "破解结果为空或出现error", "site": "youku", "datetime": "2016-05-03 21:04:52"}
[2016-05-03 21:04:52,822](INFO)k_youku : {"code": "", "from": "expires", "level": "debug", "format": "original", "descript": "破解结果为空或出现error", "site": "youku", "datetime": "2016-05-03 21:04:52"}
[2016-05-03 22:29:12,372](INFO)k_youku : {"code": "", "from": "expires", "level": "debug", "format": "fluent", "descript": "破解结果为空或出现error", "site": "youku", "datetime": "2016-05-03 22:29:12"}
[2016-05-03 22:29:12,442](INFO)k_youku : {"code": "", "from": "expires", "level": "debug", "format": "normal", "descript": "破解结果为空或出现error", "site": "youku", "datetime": "2016-05-03 22:29:12"}
[2016-05-03 22:29:12,507](INFO)k_youku : {"code": "", "from": "expires", "level": "debug", "format": "high", "descript": "破解结果为空或出现error", "site": "youku", "datetime": "2016-05-03 22:29:12"}
[2016-05-03 22:29:12,571](INFO)k_youku : {"code": "", "from": "expires", "level": "debug", "format": "super", "descript": "破解结果为空或出现error", "site": "youku", "datetime": "2016-05-03 22:29:12"}
[2016-05-03 22:29:12,638](INFO)k_youku : {"code": "", "from": "expires", "level": "debug", "format": "original", "descript": "破解结果为空或出现error", "site": "youku", "datetime": "2016-05-03 22:29:12"}
[2016-05-04 01:17:08,892](INFO)k_youku : {"code": "", "from": "expires", "level": "debug", "format": "fluent", "descript": "破解结果为空或出现error", "site": "youku", "datetime": "2016-05-04 01:17:08"}
[2016-05-04 01:17:08,960](INFO)k_youku : {"code": "", "from": "expires", "level": "debug", "format": "normal", "descript": "破解结果为空或出现error", "site": "youku", "datetime": "2016-05-04 01:17:08"}
[2016-05-04 01:17:09,024](INFO)k_youku : {"code": "", "from": "expires", "level": "debug", "format": "high", "descript": "破解结果为空或出现error", "site": "youku", "datetime": "2016-05-04 01:17:09"}
[2016-05-04 01:17:09,099](INFO)k_youku : {"code": "", "from": "expires", "level": "debug", "format": "super", "descript": "破解结果为空或出现error", "site": "youku", "datetime": "2016-05-04 01:17:09"}
[2016-05-04 01:17:09,160](INFO)k_youku : {"code": "", "from": "expires", "level": "debug", "format": "original", "descript": "破解结果为空或出现error", "site": "youku", "datetime": "2016-05-04 01:17:09"}
[2016-05-04 03:42:24,672](INFO)k_youku : {"code": "", "from": "expires", "level": "debug", "format": "fluent", "descript": "破解结果为空或出现error", "site": "youku", "datetime": "2016-05-04 03:42:24"}
[2016-05-04 03:42:24,736](INFO)k_youku : {"code": "", "from": "expires", "level": "debug", "format": "normal", "descript": "破解结果为空或出现error", "site": "youku", "datetime": "2016-05-04 03:42:24"}
[2016-05-04 03:42:24,797](INFO)k_youku : {"code": "", "from": "expires", "level": "debug", "format": "high", "descript": "破解结果为空或出现error", "site": "youku", "datetime": "2016-05-04 03:42:24"}
[2016-05-04 03:42:24,860](INFO)k_youku : {"code": "", "from": "expires", "level": "debug", "format": "super", "descript": "破解结果为空或出现error", "site": "youku", "datetime": "2016-05-04 03:42:24"}
[2016-05-04 03:42:24,926](INFO)k_youku : {"code": "", "from": "expires", "level": "debug", "format": "original", "descript": "破解结果为空或出现error", "site": "youku", "datetime": "2016-05-04 03:42:24"}
[2016-05-04 05:33:24,120](INFO)k_youku : {"code": "", "from": "expires", "level": "debug", "format": "fluent", "descript": "破解结果为空或出现error", "site": "youku", "datetime": "2016-05-04 05:33:24"}
[2016-05-04 05:33:24,183](INFO)k_youku : {"code": "", "from": "expires", "level": "debug", "format": "normal", "descript": "破解结果为空或出现error", "site": "youku", "datetime": "2016-05-04 05:33:24"}
[2016-05-04 05:33:24,248](INFO)k_youku : {"code": "", "from": "expires", "level": "debug", "format": "high", "descript": "破解结果为空或出现error", "site": "youku", "datetime": "2016-05-04 05:33:24"}
[2016-05-04 05:33:24,309](INFO)k_youku : {"code": "", "from": "expires", "level": "debug", "format": "super", "descript": "破解结果为空或出现error", "site": "youku", "datetime": "2016-05-04 05:33:24"}
[2016-05-04 05:33:24,377](INFO)k_youku : {"code": "", "from": "expires", "level": "debug", "format": "original", "descript": "破解结果为空或出现error", "site": "youku", "datetime": "2016-05-04 05:33:24"}
[2016-05-04 07:37:40,797](INFO)k_youku : {"code": "", "from": "expires", "level": "debug", "format": "fluent", "descript": "破解结果为空或出现error", "site": "youku", "datetime": "2016-05-04 07:37:40"}
[2016-05-04 07:37:40,861](INFO)k_youku : {"code": "", "from": "expires", "level": "debug", "format": "normal", "descript": "破解结果为空或出现error", "site": "youku", "datetime": "2016-05-04 07:37:40"}
[2016-05-04 07:37:40,925](INFO)k_youku : {"code": "", "from": "expires", "level": "debug", "format": "high", "descript": "破解结果为空或出现error", "site": "youku", "datetime": "2016-05-04 07:37:40"}
[2016-05-04 07:37:40,991](INFO)k_youku : {"code": "", "from": "expires", "level": "debug", "format": "super", "descript": "破解结果为空或出现error", "site": "youku", "datetime": "2016-05-04 07:37:40"}
[2016-05-04 07:37:41,054](INFO)k_youku : {"code": "", "from": "expires", "level": "debug", "format": "original", "descript": "破解结果为空或出现error", "site": "youku", "datetime": "2016-05-04 07:37:41"}
